mode: atomic
github.com/boolean-maybe/tiki/util/duration/duration.go:30.13,32.26 2 1
github.com/boolean-maybe/tiki/util/duration/duration.go:32.26,34.3 1 7
github.com/boolean-maybe/tiki/util/duration/duration.go:39.43,41.47 2 20
github.com/boolean-maybe/tiki/util/duration/duration.go:41.47,43.3 1 41
github.com/boolean-maybe/tiki/util/duration/duration.go:44.2,44.27 1 20
github.com/boolean-maybe/tiki/util/duration/duration.go:44.27,46.3 1 3
github.com/boolean-maybe/tiki/util/duration/duration.go:48.2,49.16 2 17
github.com/boolean-maybe/tiki/util/duration/duration.go:49.16,51.3 1 1
github.com/boolean-maybe/tiki/util/duration/duration.go:53.2,54.24 2 16
github.com/boolean-maybe/tiki/util/duration/duration.go:54.24,56.3 1 2
github.com/boolean-maybe/tiki/util/duration/duration.go:57.2,57.23 1 14
github.com/boolean-maybe/tiki/util/duration/duration.go:61.64,63.9 2 15
github.com/boolean-maybe/tiki/util/duration/duration.go:63.9,65.3 1 1
github.com/boolean-maybe/tiki/util/duration/duration.go:66.2,66.38 1 14
github.com/boolean-maybe/tiki/util/duration/duration.go:70.36,73.2 2 25
github.com/boolean-maybe/tiki/util/duration/duration.go:77.23,79.26 2 3
github.com/boolean-maybe/tiki/util/duration/duration.go:79.26,81.3 1 21
github.com/boolean-maybe/tiki/util/duration/duration.go:82.2,82.40 1 3
github.com/boolean-maybe/tiki/util/duration/duration.go:82.40,84.3 1 51
github.com/boolean-maybe/tiki/util/duration/duration.go:85.2,85.33 1 3
github.com/boolean-maybe/tiki/workflow/fields.go:62.13,64.33 2 1
github.com/boolean-maybe/tiki/workflow/fields.go:64.33,65.33 1 15
github.com/boolean-maybe/tiki/workflow/fields.go:65.33,66.77 1 0
github.com/boolean-maybe/tiki/workflow/fields.go:68.3,68.26 1 15
github.com/boolean-maybe/tiki/workflow/fields.go:85.42,86.36 1 34
github.com/boolean-maybe/tiki/workflow/fields.go:86.36,88.3 1 19
github.com/boolean-maybe/tiki/workflow/fields.go:89.2,91.42 3 15
github.com/boolean-maybe/tiki/workflow/fields.go:91.42,93.3 1 11
github.com/boolean-maybe/tiki/workflow/fields.go:94.2,94.26 1 4
github.com/boolean-maybe/tiki/workflow/fields.go:99.43,100.37 1 80
github.com/boolean-maybe/tiki/workflow/fields.go:100.37,102.3 1 5
github.com/boolean-maybe/tiki/workflow/fields.go:103.2,103.30 1 75
github.com/boolean-maybe/tiki/workflow/fields.go:103.30,105.3 1 36
github.com/boolean-maybe/tiki/workflow/fields.go:106.2,107.41 2 39
github.com/boolean-maybe/tiki/workflow/fields.go:107.41,109.3 1 4
github.com/boolean-maybe/tiki/workflow/fields.go:110.2,110.12 1 35
github.com/boolean-maybe/tiki/workflow/fields.go:115.33,119.2 3 0
github.com/boolean-maybe/tiki/workflow/fields.go:123.26,127.33 4 3
github.com/boolean-maybe/tiki/workflow/fields.go:127.33,129.3 1 45
github.com/boolean-maybe/tiki/workflow/fields.go:130.2,130.33 1 3
github.com/boolean-maybe/tiki/workflow/fields.go:130.33,132.3 1 7
github.com/boolean-maybe/tiki/workflow/fields.go:133.2,133.15 1 3
github.com/boolean-maybe/tiki/workflow/fields.go:139.50,141.32 2 0
github.com/boolean-maybe/tiki/workflow/fields.go:141.32,143.3 1 0
github.com/boolean-maybe/tiki/workflow/fields.go:145.2,146.25 2 0
github.com/boolean-maybe/tiki/workflow/fields.go:146.25,147.51 1 0
github.com/boolean-maybe/tiki/workflow/fields.go:147.51,149.4 1 0
github.com/boolean-maybe/tiki/workflow/fields.go:150.3,151.45 2 0
github.com/boolean-maybe/tiki/workflow/fields.go:151.45,153.4 1 0
github.com/boolean-maybe/tiki/workflow/fields.go:154.3,154.39 1 0
github.com/boolean-maybe/tiki/workflow/fields.go:154.39,156.4 1 0
github.com/boolean-maybe/tiki/workflow/fields.go:157.3,158.54 2 0
github.com/boolean-maybe/tiki/workflow/fields.go:158.54,160.4 1 0
github.com/boolean-maybe/tiki/workflow/fields.go:162.2,162.12 1 0
github.com/boolean-maybe/tiki/workflow/fields.go:168.50,171.32 2 25
github.com/boolean-maybe/tiki/workflow/fields.go:171.32,173.3 1 375
github.com/boolean-maybe/tiki/workflow/fields.go:175.2,178.25 4 25
github.com/boolean-maybe/tiki/workflow/fields.go:178.25,179.51 1 32
github.com/boolean-maybe/tiki/workflow/fields.go:179.51,181.4 1 8
github.com/boolean-maybe/tiki/workflow/fields.go:182.3,183.45 2 24
github.com/boolean-maybe/tiki/workflow/fields.go:183.45,185.4 1 12
github.com/boolean-maybe/tiki/workflow/fields.go:186.3,186.39 1 12
github.com/boolean-maybe/tiki/workflow/fields.go:186.39,188.4 1 1
github.com/boolean-maybe/tiki/workflow/fields.go:189.3,190.54 2 11
github.com/boolean-maybe/tiki/workflow/fields.go:190.54,192.4 1 1
github.com/boolean-maybe/tiki/workflow/fields.go:193.3,198.29 2 10
github.com/boolean-maybe/tiki/workflow/fields.go:198.29,201.4 2 2
github.com/boolean-maybe/tiki/workflow/fields.go:202.3,203.29 2 10
github.com/boolean-maybe/tiki/workflow/fields.go:205.2,210.12 6 3
github.com/boolean-maybe/tiki/workflow/fields.go:214.26,220.2 5 10
github.com/boolean-maybe/tiki/workflow/fields.go:225.39,229.2 3 0
github.com/boolean-maybe/tiki/workflow/fields.go:231.34,235.25 4 13
github.com/boolean-maybe/tiki/workflow/fields.go:235.25,237.3 1 0
github.com/boolean-maybe/tiki/workflow/fields.go:241.45,242.29 1 18
github.com/boolean-maybe/tiki/workflow/fields.go:242.29,246.3 3 5
github.com/boolean-maybe/tiki/workflow/fields.go:247.2,247.11 1 18
github.com/boolean-maybe/tiki/workflow/status.go:45.47,47.19 2 89
github.com/boolean-maybe/tiki/workflow/status.go:47.19,49.3 1 2
github.com/boolean-maybe/tiki/workflow/status.go:51.2,52.21 2 87
github.com/boolean-maybe/tiki/workflow/status.go:52.21,54.3 1 0
github.com/boolean-maybe/tiki/workflow/status.go:56.2,57.26 2 87
github.com/boolean-maybe/tiki/workflow/status.go:57.26,58.13 1 106
github.com/boolean-maybe/tiki/workflow/status.go:58.13,60.4 1 87
github.com/boolean-maybe/tiki/workflow/status.go:60.9,62.4 1 19
github.com/boolean-maybe/tiki/workflow/status.go:64.2,64.30 1 87
github.com/boolean-maybe/tiki/workflow/status.go:69.42,71.51 1 87
github.com/boolean-maybe/tiki/workflow/status.go:71.51,73.3 1 558
github.com/boolean-maybe/tiki/workflow/status.go:76.2,77.29 2 87
github.com/boolean-maybe/tiki/workflow/status.go:77.29,79.3 1 95
github.com/boolean-maybe/tiki/workflow/status.go:80.2,80.14 1 87
github.com/boolean-maybe/tiki/workflow/status.go:85.40,86.13 1 95
github.com/boolean-maybe/tiki/workflow/status.go:86.13,88.3 1 0
github.com/boolean-maybe/tiki/workflow/status.go:90.2,92.30 3 95
github.com/boolean-maybe/tiki/workflow/status.go:92.30,93.67 1 455
github.com/boolean-maybe/tiki/workflow/status.go:93.67,96.4 2 11
github.com/boolean-maybe/tiki/workflow/status.go:98.2,99.14 2 95
github.com/boolean-maybe/tiki/workflow/status.go:103.42,105.17 2 56
github.com/boolean-maybe/tiki/workflow/status.go:105.17,107.3 1 0
github.com/boolean-maybe/tiki/workflow/status.go:108.2,109.17 2 56
github.com/boolean-maybe/tiki/workflow/status.go:109.17,111.3 1 9
github.com/boolean-maybe/tiki/workflow/status.go:112.2,112.28 1 47
github.com/boolean-maybe/tiki/workflow/status.go:120.67,121.20 1 20
github.com/boolean-maybe/tiki/workflow/status.go:121.20,123.3 1 1
github.com/boolean-maybe/tiki/workflow/status.go:125.2,131.27 3 19
github.com/boolean-maybe/tiki/workflow/status.go:131.27,132.20 1 60
github.com/boolean-maybe/tiki/workflow/status.go:132.20,134.4 1 1
github.com/boolean-maybe/tiki/workflow/status.go:137.3,138.35 2 59
github.com/boolean-maybe/tiki/workflow/status.go:138.35,140.4 1 1
github.com/boolean-maybe/tiki/workflow/status.go:141.3,143.48 2 58
github.com/boolean-maybe/tiki/workflow/status.go:143.48,145.4 1 1
github.com/boolean-maybe/tiki/workflow/status.go:148.3,148.22 1 57
github.com/boolean-maybe/tiki/workflow/status.go:148.22,150.4 1 2
github.com/boolean-maybe/tiki/workflow/status.go:150.9,150.48 1 55
github.com/boolean-maybe/tiki/workflow/status.go:150.48,152.4 1 1
github.com/boolean-maybe/tiki/workflow/status.go:155.3,159.58 3 56
github.com/boolean-maybe/tiki/workflow/status.go:159.58,161.4 1 1
github.com/boolean-maybe/tiki/workflow/status.go:162.3,164.18 2 55
github.com/boolean-maybe/tiki/workflow/status.go:164.18,165.28 1 16
github.com/boolean-maybe/tiki/workflow/status.go:165.28,167.5 1 1
github.com/boolean-maybe/tiki/workflow/status.go:168.4,168.30 1 15
github.com/boolean-maybe/tiki/workflow/status.go:170.3,170.15 1 54
github.com/boolean-maybe/tiki/workflow/status.go:170.15,171.25 1 13
github.com/boolean-maybe/tiki/workflow/status.go:171.25,173.5 1 1
github.com/boolean-maybe/tiki/workflow/status.go:174.4,174.27 1 12
github.com/boolean-maybe/tiki/workflow/status.go:177.3,178.43 2 53
github.com/boolean-maybe/tiki/workflow/status.go:181.2,181.26 1 12
github.com/boolean-maybe/tiki/workflow/status.go:181.26,183.3 1 1
github.com/boolean-maybe/tiki/workflow/status.go:185.2,185.23 1 11
github.com/boolean-maybe/tiki/workflow/status.go:185.23,187.3 1 1
github.com/boolean-maybe/tiki/workflow/status.go:189.2,189.17 1 10
github.com/boolean-maybe/tiki/workflow/status.go:194.44,198.2 3 3
github.com/boolean-maybe/tiki/workflow/status.go:201.63,204.2 2 3
github.com/boolean-maybe/tiki/workflow/status.go:207.51,210.2 2 11
github.com/boolean-maybe/tiki/workflow/status.go:213.52,216.2 2 5
github.com/boolean-maybe/tiki/workflow/status.go:219.50,222.2 2 2
github.com/boolean-maybe/tiki/workflow/status.go:225.49,227.2 1 2
github.com/boolean-maybe/tiki/workflow/status.go:230.46,232.2 1 2
github.com/boolean-maybe/tiki/workflow/status.go:235.45,237.31 2 2
github.com/boolean-maybe/tiki/workflow/status.go:237.31,239.3 1 10
github.com/boolean-maybe/tiki/workflow/status.go:240.2,240.13 1 2
github.com/boolean-maybe/tiki/workflow/tasktype.go:28.34,35.2 1 10
github.com/boolean-maybe/tiki/workflow/tasktype.go:47.42,53.2 5 99
github.com/boolean-maybe/tiki/workflow/tasktype.go:59.61,60.20 1 20
github.com/boolean-maybe/tiki/workflow/tasktype.go:60.20,62.3 1 1
github.com/boolean-maybe/tiki/workflow/tasktype.go:64.2,70.27 2 19
github.com/boolean-maybe/tiki/workflow/tasktype.go:70.27,71.20 1 53
github.com/boolean-maybe/tiki/workflow/tasktype.go:71.20,73.4 1 1
github.com/boolean-maybe/tiki/workflow/tasktype.go:76.3,77.27 2 52
github.com/boolean-maybe/tiki/workflow/tasktype.go:77.27,79.4 1 1
github.com/boolean-maybe/tiki/workflow/tasktype.go:80.3,82.48 2 51
github.com/boolean-maybe/tiki/workflow/tasktype.go:82.48,84.4 1 1
github.com/boolean-maybe/tiki/workflow/tasktype.go:87.3,87.22 1 50
github.com/boolean-maybe/tiki/workflow/tasktype.go:87.22,89.4 1 1
github.com/boolean-maybe/tiki/workflow/tasktype.go:89.9,89.48 1 49
github.com/boolean-maybe/tiki/workflow/tasktype.go:89.48,91.4 1 1
github.com/boolean-maybe/tiki/workflow/tasktype.go:94.3,98.60 3 49
github.com/boolean-maybe/tiki/workflow/tasktype.go:98.60,100.4 1 2
github.com/boolean-maybe/tiki/workflow/tasktype.go:101.3,104.37 3 47
github.com/boolean-maybe/tiki/workflow/tasktype.go:107.2,107.17 1 13
github.com/boolean-maybe/tiki/workflow/tasktype.go:111.46,112.17 1 54
github.com/boolean-maybe/tiki/workflow/tasktype.go:112.17,114.3 1 6
github.com/boolean-maybe/tiki/workflow/tasktype.go:115.2,115.28 1 48
github.com/boolean-maybe/tiki/workflow/tasktype.go:119.61,122.2 2 28
github.com/boolean-maybe/tiki/workflow/tasktype.go:127.61,129.38 2 8
github.com/boolean-maybe/tiki/workflow/tasktype.go:129.38,131.3 1 6
github.com/boolean-maybe/tiki/workflow/tasktype.go:132.2,132.18 1 2
github.com/boolean-maybe/tiki/workflow/tasktype.go:136.53,137.32 1 12
github.com/boolean-maybe/tiki/workflow/tasktype.go:137.32,139.3 1 10
github.com/boolean-maybe/tiki/workflow/tasktype.go:140.2,140.18 1 2
github.com/boolean-maybe/tiki/workflow/tasktype.go:144.53,145.32 1 12
github.com/boolean-maybe/tiki/workflow/tasktype.go:145.32,147.3 1 10
github.com/boolean-maybe/tiki/workflow/tasktype.go:148.2,148.11 1 2
github.com/boolean-maybe/tiki/workflow/tasktype.go:152.55,156.2 3 5
github.com/boolean-maybe/tiki/workflow/tasktype.go:160.70,161.41 1 7
github.com/boolean-maybe/tiki/workflow/tasktype.go:161.41,163.3 1 4
github.com/boolean-maybe/tiki/workflow/tasktype.go:164.2,164.18 1 3
github.com/boolean-maybe/tiki/workflow/tasktype.go:169.47,171.2 1 2
github.com/boolean-maybe/tiki/workflow/tasktype.go:174.42,176.29 2 2
github.com/boolean-maybe/tiki/workflow/tasktype.go:176.29,178.3 1 8
github.com/boolean-maybe/tiki/workflow/tasktype.go:179.2,179.13 1 2
github.com/boolean-maybe/tiki/workflow/tasktype.go:184.40,188.2 3 1
github.com/boolean-maybe/tiki/workflow/tasktype.go:191.51,194.2 2 3
github.com/boolean-maybe/tiki/view/grid/padding.go:9.56,10.21 1 5
github.com/boolean-maybe/tiki/view/grid/padding.go:10.21,12.3 1 1
github.com/boolean-maybe/tiki/view/grid/padding.go:13.2,14.20 2 4
github.com/boolean-maybe/tiki/view/grid/padding.go:14.20,17.21 3 2
github.com/boolean-maybe/tiki/view/grid/padding.go:17.21,19.4 1 5
github.com/boolean-maybe/tiki/view/grid/padding.go:21.2,21.14 1 4
github.com/boolean-maybe/tiki/ruki/keyword/keyword.go:20.13,22.30 2 1
github.com/boolean-maybe/tiki/ruki/keyword/keyword.go:22.30,24.3 1 27
github.com/boolean-maybe/tiki/ruki/keyword/keyword.go:28.35,31.2 2 15
github.com/boolean-maybe/tiki/ruki/keyword/keyword.go:34.22,38.2 3 2
github.com/boolean-maybe/tiki/ruki/keyword/keyword.go:45.23,47.2 1 1
github.com/boolean-maybe/tiki/cmd_init.go:25.53,29.33 3 24
github.com/boolean-maybe/tiki/cmd_init.go:29.33,32.10 2 34
github.com/boolean-maybe/tiki/cmd_init.go:33.39,34.39 1 3
github.com/boolean-maybe/tiki/cmd_init.go:36.43,38.22 2 4
github.com/boolean-maybe/tiki/cmd_init.go:38.22,40.5 1 1
github.com/boolean-maybe/tiki/cmd_init.go:41.4,41.31 1 3
github.com/boolean-maybe/tiki/cmd_init.go:43.46,44.62 1 1
github.com/boolean-maybe/tiki/cmd_init.go:46.28,48.22 2 2
github.com/boolean-maybe/tiki/cmd_init.go:48.22,50.5 1 0
github.com/boolean-maybe/tiki/cmd_init.go:51.4,51.41 1 2
github.com/boolean-maybe/tiki/cmd_init.go:53.46,54.72 1 1
github.com/boolean-maybe/tiki/cmd_init.go:56.27,57.23 1 2
github.com/boolean-maybe/tiki/cmd_init.go:59.50,60.30 1 8
github.com/boolean-maybe/tiki/cmd_init.go:62.36,63.58 1 1
github.com/boolean-maybe/tiki/cmd_init.go:65.11,66.23 1 12
github.com/boolean-maybe/tiki/cmd_init.go:66.23,68.5 1 1
github.com/boolean-maybe/tiki/cmd_init.go:69.4,69.19 1 11
github.com/boolean-maybe/tiki/cmd_init.go:73.2,73.21 1 18
github.com/boolean-maybe/tiki/cmd_init.go:73.21,75.3 1 8
github.com/boolean-maybe/tiki/cmd_init.go:77.2,78.16 2 18
github.com/boolean-maybe/tiki/cmd_init.go:78.16,80.3 1 0
github.com/boolean-maybe/tiki/cmd_init.go:81.2,83.18 2 18
github.com/boolean-maybe/tiki/cmd_init.go:87.38,90.26 3 3
github.com/boolean-maybe/tiki/cmd_init.go:90.26,92.14 2 5
github.com/boolean-maybe/tiki/cmd_init.go:92.14,94.4 1 5
github.com/boolean-maybe/tiki/cmd_init.go:96.2,96.15 1 3
github.com/boolean-maybe/tiki/cmd_init.go:101.50,103.16 2 15
github.com/boolean-maybe/tiki/cmd_init.go:103.16,104.26 1 3
github.com/boolean-maybe/tiki/cmd_init.go:104.26,106.4 1 0
github.com/boolean-maybe/tiki/cmd_init.go:108.3,108.48 1 3
github.com/boolean-maybe/tiki/cmd_init.go:108.48,110.4 1 1
github.com/boolean-maybe/tiki/cmd_init.go:111.8,111.26 1 12
github.com/boolean-maybe/tiki/cmd_init.go:111.26,113.3 1 1
github.com/boolean-maybe/tiki/cmd_init.go:115.2,115.31 1 13
github.com/boolean-maybe/tiki/cmd_init.go:115.31,118.51 2 3
github.com/boolean-maybe/tiki/cmd_init.go:118.51,120.4 1 0
github.com/boolean-maybe/tiki/cmd_init.go:123.2,123.12 1 13
github.com/boolean-maybe/tiki/cmd_init.go:127.44,128.66 1 15
github.com/boolean-maybe/tiki/cmd_init.go:128.66,130.3 1 2
github.com/boolean-maybe/tiki/cmd_init.go:132.2,132.38 1 13
github.com/boolean-maybe/tiki/cmd_init.go:132.38,133.47 1 5
github.com/boolean-maybe/tiki/cmd_init.go:133.47,135.39 2 1
github.com/boolean-maybe/tiki/cmd_init.go:135.39,137.5 1 4
github.com/boolean-maybe/tiki/cmd_init.go:138.4,138.94 1 1
github.com/boolean-maybe/tiki/cmd_init.go:142.2,142.45 1 12
github.com/boolean-maybe/tiki/cmd_init.go:142.45,144.3 1 1
github.com/boolean-maybe/tiki/cmd_init.go:146.2,146.29 1 11
github.com/boolean-maybe/tiki/cmd_init.go:146.29,147.51 1 2
github.com/boolean-maybe/tiki/cmd_init.go:147.51,149.4 1 1
github.com/boolean-maybe/tiki/cmd_init.go:152.2,152.12 1 10
github.com/boolean-maybe/tiki/cmd_init.go:156.33,158.16 2 7
github.com/boolean-maybe/tiki/cmd_init.go:158.16,159.30 1 1
github.com/boolean-maybe/tiki/cmd_init.go:159.30,162.4 2 1
github.com/boolean-maybe/tiki/cmd_init.go:163.3,165.19 3 0
github.com/boolean-maybe/tiki/cmd_init.go:168.2,168.47 1 6
github.com/boolean-maybe/tiki/cmd_init.go:168.47,171.3 2 0
github.com/boolean-maybe/tiki/cmd_init.go:173.2,173.49 1 6
github.com/boolean-maybe/tiki/cmd_init.go:173.49,176.3 2 0
github.com/boolean-maybe/tiki/cmd_init.go:178.2,178.43 1 6
github.com/boolean-maybe/tiki/cmd_init.go:178.43,181.3 2 0
github.com/boolean-maybe/tiki/cmd_init.go:183.2,183.35 1 6
github.com/boolean-maybe/tiki/cmd_init.go:183.35,186.3 2 1
github.com/boolean-maybe/tiki/cmd_init.go:189.2,190.51 2 5
github.com/boolean-maybe/tiki/cmd_init.go:190.51,192.3 1 5
github.com/boolean-maybe/tiki/cmd_init.go:192.8,194.23 2 0
github.com/boolean-maybe/tiki/cmd_init.go:194.23,197.4 2 0
github.com/boolean-maybe/tiki/cmd_init.go:198.3,198.15 1 0
github.com/boolean-maybe/tiki/cmd_init.go:198.15,200.4 1 0
github.com/boolean-maybe/tiki/cmd_init.go:201.3,201.30 1 0
github.com/boolean-maybe/tiki/cmd_init.go:205.2,206.29 2 5
github.com/boolean-maybe/tiki/cmd_init.go:206.29,207.26 1 5
github.com/boolean-maybe/tiki/cmd_init.go:207.26,209.4 1 5
github.com/boolean-maybe/tiki/cmd_init.go:209.9,211.4 1 0
github.com/boolean-maybe/tiki/cmd_init.go:214.2,214.62 1 5
github.com/boolean-maybe/tiki/cmd_init.go:214.62,217.3 2 0
github.com/boolean-maybe/tiki/cmd_init.go:219.2,219.23 1 5
github.com/boolean-maybe/tiki/cmd_init.go:219.23,220.98 1 1
github.com/boolean-maybe/tiki/cmd_init.go:220.98,222.4 1 0
github.com/boolean-maybe/tiki/cmd_init.go:222.9,224.4 1 1
github.com/boolean-maybe/tiki/cmd_init.go:227.2,227.56 1 5
github.com/boolean-maybe/tiki/cmd_init.go:227.56,229.3 1 0
github.com/boolean-maybe/tiki/cmd_init.go:231.2,231.29 1 5
github.com/boolean-maybe/tiki/cmd_init.go:231.29,233.17 2 0
github.com/boolean-maybe/tiki/cmd_init.go:233.17,236.4 2 0
github.com/boolean-maybe/tiki/cmd_init.go:237.3,237.29 1 0
github.com/boolean-maybe/tiki/cmd_init.go:237.29,238.17 1 0
github.com/boolean-maybe/tiki/cmd_init.go:238.17,240.5 1 0
github.com/boolean-maybe/tiki/cmd_init.go:244.2,245.15 2 5
github.com/boolean-maybe/tiki/cmd_init.go:248.23,271.2 1 1
github.com/boolean-maybe/tiki/cmd_workflow.go:13.37,14.20 1 4
github.com/boolean-maybe/tiki/cmd_workflow.go:14.20,17.3 2 1
github.com/boolean-maybe/tiki/cmd_workflow.go:18.2,18.17 1 3
github.com/boolean-maybe/tiki/cmd_workflow.go:19.15,20.36 1 0
github.com/boolean-maybe/tiki/cmd_workflow.go:21.17,22.38 1 0
github.com/boolean-maybe/tiki/cmd_workflow.go:23.18,24.39 1 1
github.com/boolean-maybe/tiki/cmd_workflow.go:25.22,27.16 2 1
github.com/boolean-maybe/tiki/cmd_workflow.go:28.10,31.19 3 1
github.com/boolean-maybe/tiki/cmd_workflow.go:36.42,38.38 2 5
github.com/boolean-maybe/tiki/cmd_workflow.go:38.38,41.3 2 1
github.com/boolean-maybe/tiki/cmd_workflow.go:42.2,42.16 1 4
github.com/boolean-maybe/tiki/cmd_workflow.go:42.16,46.3 3 0
github.com/boolean-maybe/tiki/cmd_workflow.go:48.2,49.38 2 4
github.com/boolean-maybe/tiki/cmd_workflow.go:49.38,53.3 3 1
github.com/boolean-maybe/tiki/cmd_workflow.go:55.2,56.16 2 3
github.com/boolean-maybe/tiki/cmd_workflow.go:56.16,59.3 2 1
github.com/boolean-maybe/tiki/cmd_workflow.go:61.2,61.24 1 2
github.com/boolean-maybe/tiki/cmd_workflow.go:61.24,64.3 2 1
github.com/boolean-maybe/tiki/cmd_workflow.go:65.2,65.32 1 1
github.com/boolean-maybe/tiki/cmd_workflow.go:65.32,67.3 1 2
github.com/boolean-maybe/tiki/cmd_workflow.go:68.2,68.15 1 1
github.com/boolean-maybe/tiki/cmd_workflow.go:72.44,74.38 2 6
github.com/boolean-maybe/tiki/cmd_workflow.go:74.38,77.3 2 1
github.com/boolean-maybe/tiki/cmd_workflow.go:78.2,78.16 1 5
github.com/boolean-maybe/tiki/cmd_workflow.go:78.16,82.3 3 0
github.com/boolean-maybe/tiki/cmd_workflow.go:84.2,84.16 1 5
github.com/boolean-maybe/tiki/cmd_workflow.go:84.16,88.3 3 1
github.com/boolean-maybe/tiki/cmd_workflow.go:90.2,91.16 2 4
github.com/boolean-maybe/tiki/cmd_workflow.go:91.16,94.3 2 3
github.com/boolean-maybe/tiki/cmd_workflow.go:96.2,96.28 1 1
github.com/boolean-maybe/tiki/cmd_workflow.go:96.28,97.16 1 2
github.com/boolean-maybe/tiki/cmd_workflow.go:97.16,99.4 1 2
github.com/boolean-maybe/tiki/cmd_workflow.go:99.9,101.4 1 0
github.com/boolean-maybe/tiki/cmd_workflow.go:103.2,103.15 1 1
github.com/boolean-maybe/tiki/cmd_workflow.go:109.45,111.38 2 10
github.com/boolean-maybe/tiki/cmd_workflow.go:111.38,114.3 2 1
github.com/boolean-maybe/tiki/cmd_workflow.go:115.2,115.16 1 9
github.com/boolean-maybe/tiki/cmd_workflow.go:115.16,119.3 3 4
github.com/boolean-maybe/tiki/cmd_workflow.go:121.2,121.16 1 5
github.com/boolean-maybe/tiki/cmd_workflow.go:121.16,125.3 3 1
github.com/boolean-maybe/tiki/cmd_workflow.go:127.2,128.16 2 4
github.com/boolean-maybe/tiki/cmd_workflow.go:128.16,131.3 2 2
github.com/boolean-maybe/tiki/cmd_workflow.go:132.2,132.16 1 2
github.com/boolean-maybe/tiki/cmd_workflow.go:132.16,134.3 1 0
github.com/boolean-maybe/tiki/cmd_workflow.go:135.2,135.35 1 2
github.com/boolean-maybe/tiki/cmd_workflow.go:135.35,137.3 1 1
github.com/boolean-maybe/tiki/cmd_workflow.go:137.8,139.3 1 1
github.com/boolean-maybe/tiki/cmd_workflow.go:140.2,140.15 1 2
github.com/boolean-maybe/tiki/cmd_workflow.go:145.66,149.27 3 21
github.com/boolean-maybe/tiki/cmd_workflow.go:149.27,150.14 1 29
github.com/boolean-maybe/tiki/cmd_workflow.go:151.23,152.35 1 4
github.com/boolean-maybe/tiki/cmd_workflow.go:153.43,154.22 1 12
github.com/boolean-maybe/tiki/cmd_workflow.go:154.22,156.5 1 1
github.com/boolean-maybe/tiki/cmd_workflow.go:157.4,157.44 1 11
github.com/boolean-maybe/tiki/cmd_workflow.go:158.11,159.36 1 13
github.com/boolean-maybe/tiki/cmd_workflow.go:159.36,161.5 1 1
github.com/boolean-maybe/tiki/cmd_workflow.go:162.4,162.24 1 12
github.com/boolean-maybe/tiki/cmd_workflow.go:162.24,164.5 1 1
github.com/boolean-maybe/tiki/cmd_workflow.go:165.4,165.20 1 11
github.com/boolean-maybe/tiki/cmd_workflow.go:169.2,169.20 1 14
github.com/boolean-maybe/tiki/cmd_workflow.go:169.20,171.3 1 4
github.com/boolean-maybe/tiki/cmd_workflow.go:173.2,173.48 1 14
github.com/boolean-maybe/tiki/cmd_workflow.go:178.57,180.27 2 17
github.com/boolean-maybe/tiki/cmd_workflow.go:180.27,181.14 1 22
github.com/boolean-maybe/tiki/cmd_workflow.go:182.23,183.31 1 3
github.com/boolean-maybe/tiki/cmd_workflow.go:185.3,185.35 1 19
github.com/boolean-maybe/tiki/cmd_workflow.go:185.35,187.4 1 6
github.com/boolean-maybe/tiki/cmd_workflow.go:188.3,188.23 1 13
github.com/boolean-maybe/tiki/cmd_workflow.go:188.23,190.4 1 1
github.com/boolean-maybe/tiki/cmd_workflow.go:191.3,191.19 1 12
github.com/boolean-maybe/tiki/cmd_workflow.go:193.2,193.24 1 7
github.com/boolean-maybe/tiki/cmd_workflow.go:196.27,206.2 1 3
github.com/boolean-maybe/tiki/cmd_workflow.go:208.32,223.2 1 2
github.com/boolean-maybe/tiki/cmd_workflow.go:225.34,240.2 1 2
github.com/boolean-maybe/tiki/cmd_workflow.go:242.35,251.2 1 6
github.com/boolean-maybe/tiki/main.go:28.13,30.75 1 0
github.com/boolean-maybe/tiki/main.go:30.75,34.3 2 0
github.com/boolean-maybe/tiki/main.go:37.2,37.72 1 0
github.com/boolean-maybe/tiki/main.go:37.72,40.3 2 0
github.com/boolean-maybe/tiki/main.go:43.2,43.49 1 0
github.com/boolean-maybe/tiki/main.go:43.49,44.38 1 0
github.com/boolean-maybe/tiki/main.go:44.38,47.4 2 0
github.com/boolean-maybe/tiki/main.go:48.3,48.9 1 0
github.com/boolean-maybe/tiki/main.go:52.2,52.46 1 0
github.com/boolean-maybe/tiki/main.go:52.46,53.35 1 0
github.com/boolean-maybe/tiki/main.go:53.35,56.4 2 0
github.com/boolean-maybe/tiki/main.go:60.2,60.46 1 0
github.com/boolean-maybe/tiki/main.go:60.46,62.3 1 0
github.com/boolean-maybe/tiki/main.go:65.2,65.43 1 0
github.com/boolean-maybe/tiki/main.go:65.43,68.3 2 0
github.com/boolean-maybe/tiki/main.go:71.2,71.50 1 0
github.com/boolean-maybe/tiki/main.go:71.50,73.3 1 0
github.com/boolean-maybe/tiki/main.go:76.2,76.46 1 0
github.com/boolean-maybe/tiki/main.go:76.46,78.3 1 0
github.com/boolean-maybe/tiki/main.go:81.2,81.65 1 0
github.com/boolean-maybe/tiki/main.go:81.65,83.17 2 0
github.com/boolean-maybe/tiki/main.go:83.17,86.4 2 0
github.com/boolean-maybe/tiki/main.go:87.3,88.9 2 0
github.com/boolean-maybe/tiki/main.go:92.2,93.16 2 0
github.com/boolean-maybe/tiki/main.go:93.16,94.47 1 0
github.com/boolean-maybe/tiki/main.go:94.47,97.4 2 0
github.com/boolean-maybe/tiki/main.go:98.3,99.13 2 0
github.com/boolean-maybe/tiki/main.go:101.2,101.15 1 0
github.com/boolean-maybe/tiki/main.go:101.15,102.49 1 0
github.com/boolean-maybe/tiki/main.go:102.49,105.4 2 0
github.com/boolean-maybe/tiki/main.go:106.3,106.9 1 0
github.com/boolean-maybe/tiki/main.go:110.2,110.36 1 0
github.com/boolean-maybe/tiki/main.go:110.36,113.3 2 0
github.com/boolean-maybe/tiki/main.go:116.2,117.16 2 0
github.com/boolean-maybe/tiki/main.go:117.16,120.3 2 0
github.com/boolean-maybe/tiki/main.go:121.2,121.19 1 0
github.com/boolean-maybe/tiki/main.go:121.19,123.3 1 0
github.com/boolean-maybe/tiki/main.go:126.2,133.60 6 0
github.com/boolean-maybe/tiki/main.go:133.60,136.3 2 0
github.com/boolean-maybe/tiki/main.go:139.2,139.21 1 0
github.com/boolean-maybe/tiki/main.go:143.25,145.43 1 0
github.com/boolean-maybe/tiki/main.go:145.43,147.3 1 0
github.com/boolean-maybe/tiki/main.go:149.2,154.12 3 0
github.com/boolean-maybe/tiki/main.go:162.22,164.32 2 0
github.com/boolean-maybe/tiki/main.go:164.32,166.3 1 0
github.com/boolean-maybe/tiki/main.go:166.8,172.35 5 0
github.com/boolean-maybe/tiki/main.go:172.35,174.4 1 0
github.com/boolean-maybe/tiki/main.go:176.2,176.46 1 0
github.com/boolean-maybe/tiki/main.go:176.46,178.3 1 0
github.com/boolean-maybe/tiki/main.go:179.2,179.12 1 0
github.com/boolean-maybe/tiki/main.go:196.33,197.20 1 0
github.com/boolean-maybe/tiki/main.go:197.20,200.3 2 0
github.com/boolean-maybe/tiki/main.go:202.2,202.50 1 0
github.com/boolean-maybe/tiki/main.go:202.50,205.3 2 0
github.com/boolean-maybe/tiki/main.go:207.2,207.36 1 0
github.com/boolean-maybe/tiki/main.go:207.36,210.3 2 0
github.com/boolean-maybe/tiki/main.go:212.2,213.16 2 0
github.com/boolean-maybe/tiki/main.go:213.16,216.3 2 0
github.com/boolean-maybe/tiki/main.go:218.2,220.56 2 0
github.com/boolean-maybe/tiki/main.go:220.56,222.3 1 0
github.com/boolean-maybe/tiki/main.go:224.2,224.56 1 0
github.com/boolean-maybe/tiki/main.go:224.56,227.3 2 0
github.com/boolean-maybe/tiki/main.go:229.2,232.16 3 0
github.com/boolean-maybe/tiki/main.go:232.16,235.3 2 0
github.com/boolean-maybe/tiki/main.go:236.2,241.78 4 0
github.com/boolean-maybe/tiki/main.go:241.78,241.97 1 0
github.com/boolean-maybe/tiki/main.go:241.111,244.3 2 0
github.com/boolean-maybe/tiki/main.go:246.2,246.71 1 0
github.com/boolean-maybe/tiki/main.go:246.71,249.3 2 0
github.com/boolean-maybe/tiki/main.go:251.2,251.15 1 0
github.com/boolean-maybe/tiki/main.go:255.19,276.2 1 0
github.com/boolean-maybe/tiki/component/completion_prompt.go:24.60,38.2 6 14
github.com/boolean-maybe/tiki/component/completion_prompt.go:42.91,45.2 2 1
github.com/boolean-maybe/tiki/component/completion_prompt.go:48.70,51.2 2 1
github.com/boolean-maybe/tiki/component/completion_prompt.go:54.79,57.2 2 1
github.com/boolean-maybe/tiki/component/completion_prompt.go:60.55,64.2 3 1
github.com/boolean-maybe/tiki/component/completion_prompt.go:68.42,70.16 2 14
github.com/boolean-maybe/tiki/component/completion_prompt.go:70.16,73.3 2 1
github.com/boolean-maybe/tiki/component/completion_prompt.go:75.2,78.32 3 13
github.com/boolean-maybe/tiki/component/completion_prompt.go:78.32,79.58 1 51
github.com/boolean-maybe/tiki/component/completion_prompt.go:79.58,81.4 1 14
github.com/boolean-maybe/tiki/component/completion_prompt.go:85.2,85.23 1 13
github.com/boolean-maybe/tiki/component/completion_prompt.go:85.23,88.3 1 8
github.com/boolean-maybe/tiki/component/completion_prompt.go:88.8,90.3 1 5
github.com/boolean-maybe/tiki/component/completion_prompt.go:94.55,99.26 2 0
github.com/boolean-maybe/tiki/component/completion_prompt.go:99.26,101.32 2 0
github.com/boolean-maybe/tiki/component/completion_prompt.go:101.32,103.4 1 0
github.com/boolean-maybe/tiki/component/completion_prompt.go:107.3,117.37 7 0
github.com/boolean-maybe/tiki/component/completion_prompt.go:117.37,118.26 1 0
github.com/boolean-maybe/tiki/component/completion_prompt.go:118.26,119.10 1 0
github.com/boolean-maybe/tiki/component/completion_prompt.go:121.4,121.53 1 0
github.com/boolean-maybe/tiki/component/completion_prompt.go:127.106,128.91 1 2
github.com/boolean-maybe/tiki/component/completion_prompt.go:128.91,131.14 2 2
github.com/boolean-maybe/tiki/component/completion_prompt.go:132.21,134.28 1 1
github.com/boolean-maybe/tiki/component/completion_prompt.go:134.28,138.5 3 1
github.com/boolean-maybe/tiki/component/completion_prompt.go:140.4,140.10 1 1
github.com/boolean-maybe/tiki/component/completion_prompt.go:142.23,144.26 1 1
github.com/boolean-maybe/tiki/component/completion_prompt.go:144.26,146.5 1 1
github.com/boolean-maybe/tiki/component/completion_prompt.go:148.4,148.10 1 1
github.com/boolean-maybe/tiki/component/completion_prompt.go:150.11,153.22 2 0
github.com/boolean-maybe/tiki/component/completion_prompt.go:153.22,155.5 1 0
github.com/boolean-maybe/tiki/component/completion_prompt.go:158.4,158.19 1 0
github.com/boolean-maybe/tiki/component/date_edit.go:28.30,38.33 6 17
github.com/boolean-maybe/tiki/component/date_edit.go:38.33,40.3 1 0
github.com/boolean-maybe/tiki/component/date_edit.go:42.2,42.11 1 17
github.com/boolean-maybe/tiki/component/date_edit.go:46.70,49.2 2 6
github.com/boolean-maybe/tiki/component/date_edit.go:52.54,55.2 2 1
github.com/boolean-maybe/tiki/component/date_edit.go:58.61,62.2 3 16
github.com/boolean-maybe/tiki/component/date_edit.go:65.45,67.2 1 0
github.com/boolean-maybe/tiki/component/date_edit.go:70.36,74.2 3 6
github.com/boolean-maybe/tiki/component/date_edit.go:77.36,81.2 3 3
github.com/boolean-maybe/tiki/component/date_edit.go:83.49,85.70 2 9
github.com/boolean-maybe/tiki/component/date_edit.go:85.70,87.3 1 7
github.com/boolean-maybe/tiki/component/date_edit.go:88.2,88.36 1 2
github.com/boolean-maybe/tiki/component/date_edit.go:91.44,95.24 4 9
github.com/boolean-maybe/tiki/component/date_edit.go:95.24,97.3 1 2
github.com/boolean-maybe/tiki/component/date_edit.go:102.41,106.9 3 3
github.com/boolean-maybe/tiki/component/date_edit.go:106.9,110.3 2 1
github.com/boolean-maybe/tiki/component/date_edit.go:113.2,114.22 2 2
github.com/boolean-maybe/tiki/component/date_edit.go:114.22,116.3 1 1
github.com/boolean-maybe/tiki/component/date_edit.go:118.2,118.31 1 2
github.com/boolean-maybe/tiki/component/date_edit.go:118.31,120.25 2 2
github.com/boolean-maybe/tiki/component/date_edit.go:120.25,122.4 1 2
github.com/boolean-maybe/tiki/component/date_edit.go:127.98,130.71 2 4
github.com/boolean-maybe/tiki/component/date_edit.go:130.71,133.14 2 6
github.com/boolean-maybe/tiki/component/date_edit.go:134.20,136.21 2 1
github.com/boolean-maybe/tiki/component/date_edit.go:138.22,140.21 2 1
github.com/boolean-maybe/tiki/component/date_edit.go:142.22,144.45 2 2
github.com/boolean-maybe/tiki/component/date_edit.go:144.45,145.23 1 0
github.com/boolean-maybe/tiki/component/date_edit.go:145.23,148.6 2 0
github.com/boolean-maybe/tiki/component/date_edit.go:149.5,149.27 1 0
github.com/boolean-maybe/tiki/component/date_edit.go:149.27,151.6 1 0
github.com/boolean-maybe/tiki/component/date_edit.go:152.5,152.27 1 0
github.com/boolean-maybe/tiki/component/date_edit.go:156.65,160.26 4 1
github.com/boolean-maybe/tiki/component/date_edit.go:160.26,162.5 1 1
github.com/boolean-maybe/tiki/component/date_edit.go:164.23,168.26 4 1
github.com/boolean-maybe/tiki/component/date_edit.go:168.26,170.5 1 1
github.com/boolean-maybe/tiki/component/date_edit.go:172.11,173.26 1 0
github.com/boolean-maybe/tiki/component/date_edit.go:173.26,175.5 1 0
github.com/boolean-maybe/tiki/component/edit_select_list.go:28.75,44.2 6 14
github.com/boolean-maybe/tiki/component/edit_select_list.go:47.88,50.2 2 3
github.com/boolean-maybe/tiki/component/edit_select_list.go:53.67,56.2 2 1
github.com/boolean-maybe/tiki/component/edit_select_list.go:59.65,63.2 3 5
github.com/boolean-maybe/tiki/component/edit_select_list.go:66.52,70.2 3 1
github.com/boolean-maybe/tiki/component/edit_select_list.go:74.74,78.31 2 6
github.com/boolean-maybe/tiki/component/edit_select_list.go:78.31,79.17 1 13
github.com/boolean-maybe/tiki/component/edit_select_list.go:79.17,82.4 2 5
github.com/boolean-maybe/tiki/component/edit_select_list.go:86.2,87.12 2 1
github.com/boolean-maybe/tiki/component/edit_select_list.go:91.41,92.26 1 7
github.com/boolean-maybe/tiki/component/edit_select_list.go:92.26,94.3 1 1
github.com/boolean-maybe/tiki/component/edit_select_list.go:97.2,97.28 1 6
github.com/boolean-maybe/tiki/component/edit_select_list.go:97.28,99.3 1 4
github.com/boolean-maybe/tiki/component/edit_select_list.go:99.8,101.3 1 2
github.com/boolean-maybe/tiki/component/edit_select_list.go:103.2,106.25 2 6
github.com/boolean-maybe/tiki/component/edit_select_list.go:106.25,108.3 1 1
github.com/boolean-maybe/tiki/component/edit_select_list.go:112.45,113.26 1 4
github.com/boolean-maybe/tiki/component/edit_select_list.go:113.26,115.3 1 0
github.com/boolean-maybe/tiki/component/edit_select_list.go:118.2,118.28 1 4
github.com/boolean-maybe/tiki/component/edit_select_list.go:118.28,120.3 1 1
github.com/boolean-maybe/tiki/component/edit_select_list.go:120.8,122.27 2 3
github.com/boolean-maybe/tiki/component/edit_select_list.go:122.27,124.4 1 2
github.com/boolean-maybe/tiki/component/edit_select_list.go:127.2,130.25 2 4
github.com/boolean-maybe/tiki/component/edit_select_list.go:130.25,132.3 1 0
github.com/boolean-maybe/tiki/component/edit_select_list.go:136.105,141.71 2 14
github.com/boolean-maybe/tiki/component/edit_select_list.go:141.71,144.14 2 18
github.com/boolean-maybe/tiki/component/edit_select_list.go:145.20,148.10 2 4
github.com/boolean-maybe/tiki/component/edit_select_list.go:150.22,153.10 2 7
github.com/boolean-maybe/tiki/component/edit_select_list.go:155.11,157.24 1 7
github.com/boolean-maybe/tiki/component/edit_select_list.go:157.24,159.5 1 4
github.com/boolean-maybe/tiki/component/edit_select_list.go:162.4,162.26 1 3
github.com/boolean-maybe/tiki/component/edit_select_list.go:162.26,164.5 1 3
github.com/boolean-maybe/tiki/component/edit_select_list.go:167.4,170.27 2 3
github.com/boolean-maybe/tiki/component/edit_select_list.go:170.27,172.5 1 2
github.com/boolean-maybe/tiki/component/int_edit_select.go:34.70,35.15 1 27
github.com/boolean-maybe/tiki/component/int_edit_select.go:35.15,36.57 1 1
github.com/boolean-maybe/tiki/component/int_edit_select.go:39.2,56.33 7 26
github.com/boolean-maybe/tiki/component/int_edit_select.go:56.33,58.3 1 0
github.com/boolean-maybe/tiki/component/int_edit_select.go:60.2,60.12 1 26
github.com/boolean-maybe/tiki/component/int_edit_select.go:64.84,67.2 2 6
github.com/boolean-maybe/tiki/component/int_edit_select.go:70.65,73.2 2 1
github.com/boolean-maybe/tiki/component/int_edit_select.go:76.62,78.21 1 22
github.com/boolean-maybe/tiki/component/int_edit_select.go:78.21,80.3 1 1
github.com/boolean-maybe/tiki/component/int_edit_select.go:80.8,80.28 1 21
github.com/boolean-maybe/tiki/component/int_edit_select.go:80.28,82.3 1 1
github.com/boolean-maybe/tiki/component/int_edit_select.go:84.2,86.12 3 22
github.com/boolean-maybe/tiki/component/int_edit_select.go:90.42,92.2 1 27
github.com/boolean-maybe/tiki/component/int_edit_select.go:95.50,97.2 1 1
github.com/boolean-maybe/tiki/component/int_edit_select.go:100.39,102.24 2 7
github.com/boolean-maybe/tiki/component/int_edit_select.go:102.24,104.3 1 2
github.com/boolean-maybe/tiki/component/int_edit_select.go:106.2,110.25 3 7
github.com/boolean-maybe/tiki/component/int_edit_select.go:110.25,112.3 1 2
github.com/boolean-maybe/tiki/component/int_edit_select.go:116.39,118.24 2 14
github.com/boolean-maybe/tiki/component/int_edit_select.go:118.24,120.3 1 3
github.com/boolean-maybe/tiki/component/int_edit_select.go:122.2,126.25 3 14
github.com/boolean-maybe/tiki/component/int_edit_select.go:126.25,128.3 1 1
github.com/boolean-maybe/tiki/component/int_edit_select.go:133.47,137.31 2 7
github.com/boolean-maybe/tiki/component/int_edit_select.go:137.31,139.3 1 2
github.com/boolean-maybe/tiki/component/int_edit_select.go:142.2,143.16 2 5
github.com/boolean-maybe/tiki/component/int_edit_select.go:143.16,147.3 2 1
github.com/boolean-maybe/tiki/component/int_edit_select.go:150.2,150.40 1 4
github.com/boolean-maybe/tiki/component/int_edit_select.go:150.40,152.22 1 2
github.com/boolean-maybe/tiki/component/int_edit_select.go:152.22,154.4 1 1
github.com/boolean-maybe/tiki/component/int_edit_select.go:154.9,156.4 1 1
github.com/boolean-maybe/tiki/component/int_edit_select.go:157.3,157.35 1 2
github.com/boolean-maybe/tiki/component/int_edit_select.go:161.2,161.31 1 4
github.com/boolean-maybe/tiki/component/int_edit_select.go:161.31,165.26 2 4
github.com/boolean-maybe/tiki/component/int_edit_select.go:165.26,167.4 1 3
github.com/boolean-maybe/tiki/component/int_edit_select.go:172.104,177.71 2 6
github.com/boolean-maybe/tiki/component/int_edit_select.go:177.71,180.14 2 14
github.com/boolean-maybe/tiki/component/int_edit_select.go:181.20,185.10 3 3
github.com/boolean-maybe/tiki/component/int_edit_select.go:187.22,191.10 3 5
github.com/boolean-maybe/tiki/component/int_edit_select.go:193.22,195.24 1 3
github.com/boolean-maybe/tiki/component/int_edit_select.go:195.24,197.5 1 3
github.com/boolean-maybe/tiki/component/int_edit_select.go:200.4,201.62 2 0
github.com/boolean-maybe/tiki/component/int_edit_select.go:201.62,203.24 1 0
github.com/boolean-maybe/tiki/component/int_edit_select.go:203.24,206.6 2 0
github.com/boolean-maybe/tiki/component/int_edit_select.go:208.5,208.27 1 0
github.com/boolean-maybe/tiki/component/int_edit_select.go:208.27,210.6 1 0
github.com/boolean-maybe/tiki/component/int_edit_select.go:212.5,212.28 1 0
github.com/boolean-maybe/tiki/component/int_edit_select.go:215.4,215.10 1 0
github.com/boolean-maybe/tiki/component/int_edit_select.go:217.65,219.24 1 2
github.com/boolean-maybe/tiki/component/int_edit_select.go:219.24,221.5 1 2
github.com/boolean-maybe/tiki/component/int_edit_select.go:224.4,225.26 2 0
github.com/boolean-maybe/tiki/component/int_edit_select.go:225.26,227.5 1 0
github.com/boolean-maybe/tiki/component/int_edit_select.go:229.4,230.10 2 0
github.com/boolean-maybe/tiki/component/int_edit_select.go:232.23,234.24 1 1
github.com/boolean-maybe/tiki/component/int_edit_select.go:234.24,236.5 1 1
github.com/boolean-maybe/tiki/component/int_edit_select.go:239.4,240.26 2 0
github.com/boolean-maybe/tiki/component/int_edit_select.go:240.26,242.5 1 0
github.com/boolean-maybe/tiki/component/int_edit_select.go:244.4,245.10 2 0
github.com/boolean-maybe/tiki/component/int_edit_select.go:247.11,249.26 1 0
github.com/boolean-maybe/tiki/component/int_edit_select.go:249.26,251.5 1 0
github.com/boolean-maybe/tiki/component/recurrence_edit.go:32.42,49.2 7 14
github.com/boolean-maybe/tiki/component/recurrence_edit.go:52.66,55.2 2 1
github.com/boolean-maybe/tiki/component/recurrence_edit.go:58.82,61.2 2 1
github.com/boolean-maybe/tiki/component/recurrence_edit.go:64.72,69.35 4 12
github.com/boolean-maybe/tiki/component/recurrence_edit.go:69.35,70.24 1 33
github.com/boolean-maybe/tiki/component/recurrence_edit.go:70.24,72.9 2 12
github.com/boolean-maybe/tiki/component/recurrence_edit.go:76.2,76.14 1 12
github.com/boolean-maybe/tiki/component/recurrence_edit.go:77.31,78.54 1 5
github.com/boolean-maybe/tiki/component/recurrence_edit.go:78.54,79.34 1 5
github.com/boolean-maybe/tiki/component/recurrence_edit.go:79.34,80.17 1 13
github.com/boolean-maybe/tiki/component/recurrence_edit.go:80.17,82.11 2 5
github.com/boolean-maybe/tiki/component/recurrence_edit.go:86.32,87.55 1 3
github.com/boolean-maybe/tiki/component/recurrence_edit.go:87.55,89.4 1 3
github.com/boolean-maybe/tiki/component/recurrence_edit.go:92.2,94.11 3 12
github.com/boolean-maybe/tiki/component/recurrence_edit.go:98.45,101.14 2 11
github.com/boolean-maybe/tiki/component/recurrence_edit.go:102.30,103.41 1 1
github.com/boolean-maybe/tiki/component/recurrence_edit.go:104.31,105.70 1 3
github.com/boolean-maybe/tiki/component/recurrence_edit.go:106.32,107.51 1 4
github.com/boolean-maybe/tiki/component/recurrence_edit.go:108.10,109.40 1 3
github.com/boolean-maybe/tiki/component/recurrence_edit.go:114.104,115.64 1 0
github.com/boolean-maybe/tiki/component/recurrence_edit.go:115.64,116.22 1 0
github.com/boolean-maybe/tiki/component/recurrence_edit.go:117.22,119.22 2 0
github.com/boolean-maybe/tiki/component/recurrence_edit.go:120.23,121.25 1 0
github.com/boolean-maybe/tiki/component/recurrence_edit.go:121.25,124.5 2 0
github.com/boolean-maybe/tiki/component/recurrence_edit.go:125.20,126.18 1 0
github.com/boolean-maybe/tiki/component/recurrence_edit.go:127.22,128.18 1 0
github.com/boolean-maybe/tiki/component/recurrence_edit.go:134.39,136.2 1 1
github.com/boolean-maybe/tiki/component/recurrence_edit.go:139.39,141.2 1 6
github.com/boolean-maybe/tiki/component/recurrence_edit.go:144.49,146.2 1 0
github.com/boolean-maybe/tiki/component/recurrence_edit.go:149.42,152.2 2 1
github.com/boolean-maybe/tiki/component/recurrence_edit.go:155.43,156.23 1 6
github.com/boolean-maybe/tiki/component/recurrence_edit.go:156.23,159.3 2 5
github.com/boolean-maybe/tiki/component/recurrence_edit.go:162.39,163.24 1 1
github.com/boolean-maybe/tiki/component/recurrence_edit.go:163.24,165.23 2 0
github.com/boolean-maybe/tiki/component/recurrence_edit.go:165.23,167.4 1 0
github.com/boolean-maybe/tiki/component/recurrence_edit.go:168.3,168.26 1 0
github.com/boolean-maybe/tiki/component/recurrence_edit.go:169.8,171.3 1 1
github.com/boolean-maybe/tiki/component/recurrence_edit.go:172.2,173.17 2 1
github.com/boolean-maybe/tiki/component/recurrence_edit.go:176.39,177.24 1 6
github.com/boolean-maybe/tiki/component/recurrence_edit.go:177.24,180.3 2 3
github.com/boolean-maybe/tiki/component/recurrence_edit.go:180.8,182.3 1 3
github.com/boolean-maybe/tiki/component/recurrence_edit.go:183.2,184.17 2 6
github.com/boolean-maybe/tiki/component/recurrence_edit.go:187.44,189.14 2 1
github.com/boolean-maybe/tiki/component/recurrence_edit.go:190.31,192.24 2 0
github.com/boolean-maybe/tiki/component/recurrence_edit.go:192.24,194.4 1 0
github.com/boolean-maybe/tiki/component/recurrence_edit.go:195.32,197.17 2 1
github.com/boolean-maybe/tiki/component/recurrence_edit.go:197.17,199.4 1 0
github.com/boolean-maybe/tiki/component/recurrence_edit.go:203.44,205.14 2 3
github.com/boolean-maybe/tiki/component/recurrence_edit.go:206.31,207.57 1 1
github.com/boolean-maybe/tiki/component/recurrence_edit.go:208.32,210.18 2 2
github.com/boolean-maybe/tiki/component/recurrence_edit.go:210.18,212.4 1 1
github.com/boolean-maybe/tiki/component/recurrence_edit.go:216.48,219.24 3 3
github.com/boolean-maybe/tiki/component/recurrence_edit.go:219.24,221.3 1 1
github.com/boolean-maybe/tiki/component/recurrence_edit.go:224.47,227.2 2 9
github.com/boolean-maybe/tiki/component/recurrence_edit.go:229.43,232.24 3 39
github.com/boolean-maybe/tiki/component/recurrence_edit.go:232.24,234.3 1 9
github.com/boolean-maybe/tiki/component/recurrence_edit.go:236.2,237.14 2 39
github.com/boolean-maybe/tiki/component/recurrence_edit.go:238.31,239.68 1 11
github.com/boolean-maybe/tiki/component/recurrence_edit.go:240.32,241.93 1 9
github.com/boolean-maybe/tiki/component/recurrence_edit.go:242.10,243.38 1 19
github.com/boolean-maybe/tiki/component/recurrence_edit.go:246.2,246.18 1 39
github.com/boolean-maybe/tiki/component/recurrence_edit.go:249.40,250.24 1 7
github.com/boolean-maybe/tiki/component/recurrence_edit.go:250.24,252.3 1 1
github.com/boolean-maybe/tiki/component/task_list.go:35.48,48.2 2 15
github.com/boolean-maybe/tiki/component/task_list.go:51.60,57.2 5 12
github.com/boolean-maybe/tiki/component/task_list.go:60.55,65.2 4 7
github.com/boolean-maybe/tiki/component/task_list.go:68.44,70.2 1 1
github.com/boolean-maybe/tiki/component/task_list.go:73.50,74.65 1 2
github.com/boolean-maybe/tiki/component/task_list.go:74.65,76.3 1 1
github.com/boolean-maybe/tiki/component/task_list.go:77.2,77.36 1 1
github.com/boolean-maybe/tiki/component/task_list.go:81.32,82.27 1 4
github.com/boolean-maybe/tiki/component/task_list.go:82.27,85.3 2 2
github.com/boolean-maybe/tiki/component/task_list.go:89.34,90.41 1 5
github.com/boolean-maybe/tiki/component/task_list.go:90.41,93.3 2 3
github.com/boolean-maybe/tiki/component/task_list.go:97.85,101.2 3 1
github.com/boolean-maybe/tiki/component/task_list.go:104.65,107.2 2 1
github.com/boolean-maybe/tiki/component/task_list.go:110.47,114.53 3 0
github.com/boolean-maybe/tiki/component/task_list.go:114.53,116.3 1 0
github.com/boolean-maybe/tiki/component/task_list.go:118.2,122.29 3 0
github.com/boolean-maybe/tiki/component/task_list.go:122.29,124.33 2 0
github.com/boolean-maybe/tiki/component/task_list.go:124.33,125.9 1 0
github.com/boolean-maybe/tiki/component/task_list.go:128.3,130.79 3 0
github.com/boolean-maybe/tiki/component/task_list.go:135.77,138.57 2 6
github.com/boolean-maybe/tiki/component/task_list.go:138.57,140.3 1 1
github.com/boolean-maybe/tiki/component/task_list.go:140.8,142.3 1 5
github.com/boolean-maybe/tiki/component/task_list.go:145.2,147.58 2 6
github.com/boolean-maybe/tiki/component/task_list.go:147.58,149.3 1 0
github.com/boolean-maybe/tiki/component/task_list.go:153.2,158.14 4 6
github.com/boolean-maybe/tiki/component/task_list.go:158.14,160.3 1 1
github.com/boolean-maybe/tiki/component/task_list.go:162.2,162.12 1 6
github.com/boolean-maybe/tiki/component/task_list.go:166.46,167.24 1 12
github.com/boolean-maybe/tiki/component/task_list.go:167.24,169.3 1 0
github.com/boolean-maybe/tiki/component/task_list.go:171.2,173.21 3 12
github.com/boolean-maybe/tiki/component/task_list.go:173.21,175.3 1 0
github.com/boolean-maybe/tiki/component/task_list.go:178.2,178.41 1 12
github.com/boolean-maybe/tiki/component/task_list.go:178.41,180.3 1 0
github.com/boolean-maybe/tiki/component/task_list.go:183.2,184.37 2 12
github.com/boolean-maybe/tiki/component/task_list.go:184.37,186.3 1 0
github.com/boolean-maybe/tiki/component/task_list.go:188.2,188.18 1 12
github.com/boolean-maybe/tiki/component/task_list.go:192.53,194.61 2 36
github.com/boolean-maybe/tiki/component/task_list.go:194.61,196.3 1 0
github.com/boolean-maybe/tiki/component/task_list.go:197.2,197.32 1 36
github.com/boolean-maybe/tiki/component/task_list.go:197.32,199.3 1 36
github.com/boolean-maybe/tiki/component/task_list.go:200.2,200.19 1 36
github.com/boolean-maybe/tiki/component/task_list.go:204.46,206.29 2 12
github.com/boolean-maybe/tiki/component/task_list.go:206.29,207.35 1 30
github.com/boolean-maybe/tiki/component/task_list.go:207.35,209.4 1 12
github.com/boolean-maybe/tiki/component/task_list.go:214.38,215.24 1 19
github.com/boolean-maybe/tiki/component/task_list.go:215.24,218.3 2 1
github.com/boolean-maybe/tiki/component/task_list.go:219.2,219.27 1 18
github.com/boolean-maybe/tiki/component/task_list.go:219.27,221.3 1 1
github.com/boolean-maybe/tiki/component/task_list.go:222.2,222.40 1 18
github.com/boolean-maybe/tiki/component/task_list.go:222.40,224.3 1 2
github.com/boolean-maybe/tiki/component/task_list.go:228.35,229.25 1 24
github.com/boolean-maybe/tiki/component/task_list.go:229.25,231.3 1 0
github.com/boolean-maybe/tiki/component/task_list.go:233.2,235.21 3 24
github.com/boolean-maybe/tiki/component/task_list.go:235.21,237.3 1 1
github.com/boolean-maybe/tiki/component/task_list.go:239.2,240.33 2 23
github.com/boolean-maybe/tiki/component/task_list.go:240.33,242.3 1 0
github.com/boolean-maybe/tiki/component/word_list.go:22.44,32.2 4 16
github.com/boolean-maybe/tiki/component/word_list.go:35.55,38.2 2 1
github.com/boolean-maybe/tiki/component/word_list.go:41.40,43.2 1 1
github.com/boolean-maybe/tiki/component/word_list.go:46.61,50.2 3 1
github.com/boolean-maybe/tiki/component/word_list.go:53.46,57.31 3 0
github.com/boolean-maybe/tiki/component/word_list.go:57.31,59.3 1 0
github.com/boolean-maybe/tiki/component/word_list.go:61.2,67.31 5 0
github.com/boolean-maybe/tiki/component/word_list.go:67.31,70.25 3 0
github.com/boolean-maybe/tiki/component/word_list.go:70.25,72.4 1 0
github.com/boolean-maybe/tiki/component/word_list.go:75.3,75.49 1 0
github.com/boolean-maybe/tiki/component/word_list.go:75.49,81.28 3 0
github.com/boolean-maybe/tiki/component/word_list.go:81.28,82.10 1 0
github.com/boolean-maybe/tiki/component/word_list.go:87.3,87.22 1 0
github.com/boolean-maybe/tiki/component/word_list.go:87.22,91.4 2 0
github.com/boolean-maybe/tiki/component/word_list.go:94.3,94.27 1 0
github.com/boolean-maybe/tiki/component/word_list.go:94.27,95.28 1 0
github.com/boolean-maybe/tiki/component/word_list.go:95.28,97.5 1 0
github.com/boolean-maybe/tiki/component/word_list.go:99.3,102.41 2 0
github.com/boolean-maybe/tiki/component/word_list.go:102.41,105.4 2 0
github.com/boolean-maybe/tiki/component/word_list.go:111.50,112.16 1 12
github.com/boolean-maybe/tiki/component/word_list.go:112.16,114.3 1 1
github.com/boolean-maybe/tiki/component/word_list.go:116.2,119.31 3 11
github.com/boolean-maybe/tiki/component/word_list.go:119.31,126.17 5 35
github.com/boolean-maybe/tiki/component/word_list.go:126.17,128.4 1 25
github.com/boolean-maybe/tiki/component/word_list.go:130.3,130.56 1 35
github.com/boolean-maybe/tiki/component/word_list.go:130.56,135.4 3 9
github.com/boolean-maybe/tiki/component/word_list.go:135.9,137.18 1 26
github.com/boolean-maybe/tiki/component/word_list.go:137.18,139.5 1 16
github.com/boolean-maybe/tiki/component/word_list.go:140.4,140.33 1 26
github.com/boolean-maybe/tiki/component/word_list.go:145.2,145.27 1 11
github.com/boolean-maybe/tiki/component/word_list.go:145.27,147.3 1 10
github.com/boolean-maybe/tiki/component/word_list.go:149.2,149.14 1 11
github.com/boolean-maybe/tiki/component/barchart/bar_chart.go:64.27,79.2 2 1
github.com/boolean-maybe/tiki/component/barchart/bar_chart.go:82.30,88.42 1 0
github.com/boolean-maybe/tiki/component/barchart/bar_chart.go:88.42,88.75 1 0
github.com/boolean-maybe/tiki/component/barchart/bar_chart.go:100.50,103.2 2 0
github.com/boolean-maybe/tiki/component/barchart/bar_chart.go:106.61,109.2 2 0
github.com/boolean-maybe/tiki/component/barchart/bar_chart.go:112.45,115.2 2 0
github.com/boolean-maybe/tiki/component/barchart/bar_chart.go:118.43,121.2 2 0
github.com/boolean-maybe/tiki/component/barchart/bar_chart.go:124.45,127.2 2 0
github.com/boolean-maybe/tiki/component/barchart/bar_chart.go:130.53,131.15 1 0
github.com/boolean-maybe/tiki/component/barchart/bar_chart.go:131.15,133.3 1 0
github.com/boolean-maybe/tiki/component/barchart/bar_chart.go:134.2,135.10 2 0
github.com/boolean-maybe/tiki/component/barchart/bar_chart.go:139.53,140.15 1 0
github.com/boolean-maybe/tiki/component/barchart/bar_chart.go:140.15,142.3 1 0
github.com/boolean-maybe/tiki/component/barchart/bar_chart.go:143.2,144.10 2 0
github.com/boolean-maybe/tiki/component/barchart/bar_chart.go:148.55,151.2 2 0
github.com/boolean-maybe/tiki/component/barchart/bar_chart.go:154.52,157.2 2 0
github.com/boolean-maybe/tiki/component/barchart/bar_chart.go:160.52,163.2 2 0
github.com/boolean-maybe/tiki/component/barchart/bar_chart.go:166.52,169.2 2 0
github.com/boolean-maybe/tiki/component/barchart/bar_chart.go:172.50,175.2 2 0
github.com/boolean-maybe/tiki/component/barchart/bar_chart.go:179.60,182.2 2 0
github.com/boolean-maybe/tiki/component/barchart/bar_chart.go:185.80,186.22 1 0
github.com/boolean-maybe/tiki/component/barchart/bar_chart.go:186.22,188.3 1 0
github.com/boolean-maybe/tiki/component/barchart/bar_chart.go:189.2,189.10 1 0
github.com/boolean-maybe/tiki/component/barchart/bar_chart.go:193.46,197.51 3 0
github.com/boolean-maybe/tiki/component/barchart/bar_chart.go:197.51,199.3 1 0
github.com/boolean-maybe/tiki/component/barchart/bar_chart.go:201.2,204.39 3 0
github.com/boolean-maybe/tiki/component/barchart/bar_chart.go:204.39,206.3 1 0
github.com/boolean-maybe/tiki/component/barchart/bar_chart.go:207.2,208.16 2 0
github.com/boolean-maybe/tiki/component/barchart/bar_chart.go:208.16,210.3 1 0
github.com/boolean-maybe/tiki/component/barchart/bar_chart.go:211.2,212.18 2 0
github.com/boolean-maybe/tiki/component/barchart/bar_chart.go:212.18,214.3 1 0
github.com/boolean-maybe/tiki/component/barchart/bar_chart.go:216.2,217.22 2 0
github.com/boolean-maybe/tiki/component/barchart/bar_chart.go:217.22,219.3 1 0
github.com/boolean-maybe/tiki/component/barchart/bar_chart.go:221.2,224.19 3 0
github.com/boolean-maybe/tiki/component/barchart/bar_chart.go:224.19,226.3 1 0
github.com/boolean-maybe/tiki/component/barchart/bar_chart.go:227.2,227.19 1 0
github.com/boolean-maybe/tiki/component/barchart/bar_chart.go:227.19,229.3 1 0
github.com/boolean-maybe/tiki/component/barchart/bar_chart.go:231.2,235.16 5 0
github.com/boolean-maybe/tiki/component/barchart/bar_chart.go:235.16,238.3 2 0
github.com/boolean-maybe/tiki/component/barchart/bar_chart.go:240.2,240.35 1 0
github.com/boolean-maybe/tiki/component/barchart/bar_chart.go:240.35,242.25 2 0
github.com/boolean-maybe/tiki/component/barchart/bar_chart.go:242.25,244.4 1 0
github.com/boolean-maybe/tiki/component/barchart/bar_chart.go:245.3,245.20 1 0
github.com/boolean-maybe/tiki/component/barchart/bar_chart.go:245.20,247.4 1 0
github.com/boolean-maybe/tiki/component/barchart/bar_chart.go:249.3,251.27 3 0
github.com/boolean-maybe/tiki/component/barchart/bar_chart.go:251.27,253.4 1 0
github.com/boolean-maybe/tiki/component/barchart/bar_chart.go:255.3,256.17 2 0
github.com/boolean-maybe/tiki/component/barchart/bar_chart.go:256.17,258.4 1 0
github.com/boolean-maybe/tiki/component/barchart/bar_chart.go:260.3,260.17 1 0
github.com/boolean-maybe/tiki/component/barchart/bar_chart.go:260.17,262.4 1 0
github.com/boolean-maybe/tiki/component/barchart/bar_chart.go:264.3,265.9 2 0
github.com/boolean-maybe/tiki/component/barchart/bar_chart.go:268.2,269.19 2 0
github.com/boolean-maybe/tiki/component/barchart/bar_chart.go:269.19,271.3 1 0
github.com/boolean-maybe/tiki/component/barchart/bar_chart.go:273.2,274.24 2 0
github.com/boolean-maybe/tiki/component/barchart/bar_chart.go:274.24,276.3 1 0
github.com/boolean-maybe/tiki/component/barchart/bar_chart.go:277.2,279.26 3 0
github.com/boolean-maybe/tiki/component/barchart/bar_chart.go:279.26,281.3 1 0
github.com/boolean-maybe/tiki/component/barchart/bar_chart.go:283.2,284.16 2 0
github.com/boolean-maybe/tiki/component/barchart/bar_chart.go:284.16,286.3 1 0
github.com/boolean-maybe/tiki/component/barchart/bar_chart.go:288.2,288.16 1 0
github.com/boolean-maybe/tiki/component/barchart/bar_chart.go:288.16,290.3 1 0
github.com/boolean-maybe/tiki/component/barchart/bar_chart.go:292.2,292.27 1 0
github.com/boolean-maybe/tiki/component/barchart/bar_chart.go:292.27,296.19 3 0
github.com/boolean-maybe/tiki/component/barchart/bar_chart.go:296.19,299.4 2 0
github.com/boolean-maybe/tiki/component/barchart/bar_chart.go:301.3,301.23 1 0
github.com/boolean-maybe/tiki/component/barchart/bar_chart.go:301.23,302.39 1 0
github.com/boolean-maybe/tiki/component/barchart/bar_chart.go:302.39,304.5 1 0
github.com/boolean-maybe/tiki/component/barchart/bar_chart.go:304.10,306.5 1 0
github.com/boolean-maybe/tiki/component/barchart/bar_chart.go:309.3,309.22 1 0
github.com/boolean-maybe/tiki/component/barchart/bar_chart.go:309.22,311.4 1 0
github.com/boolean-maybe/tiki/component/barchart/braille.go:9.124,10.57 1 0
github.com/boolean-maybe/tiki/component/barchart/braille.go:10.57,12.3 1 0
github.com/boolean-maybe/tiki/component/barchart/braille.go:14.2,15.27 2 0
github.com/boolean-maybe/tiki/component/barchart/braille.go:15.27,17.3 1 0
github.com/boolean-maybe/tiki/component/barchart/braille.go:19.2,20.42 2 0
github.com/boolean-maybe/tiki/component/barchart/braille.go:20.42,26.34 5 0
github.com/boolean-maybe/tiki/component/barchart/braille.go:26.34,28.4 1 0
github.com/boolean-maybe/tiki/component/barchart/braille.go:29.3,29.35 1 0
github.com/boolean-maybe/tiki/component/barchart/braille.go:29.35,31.4 1 0
github.com/boolean-maybe/tiki/component/barchart/braille.go:33.3,33.42 1 0
github.com/boolean-maybe/tiki/component/barchart/braille.go:33.42,36.41 3 0
github.com/boolean-maybe/tiki/component/barchart/braille.go:36.41,37.13 1 0
github.com/boolean-maybe/tiki/component/barchart/braille.go:40.4,43.34 4 0
github.com/boolean-maybe/tiki/component/barchart/braille.go:43.34,44.29 1 0
github.com/boolean-maybe/tiki/component/barchart/braille.go:44.29,46.6 1 0
github.com/boolean-maybe/tiki/component/barchart/braille.go:48.4,49.66 2 0
github.com/boolean-maybe/tiki/component/barchart/braille.go:54.134,56.28 2 7
github.com/boolean-maybe/tiki/component/barchart/braille.go:56.28,58.3 1 3
github.com/boolean-maybe/tiki/component/barchart/braille.go:60.2,60.9 1 7
github.com/boolean-maybe/tiki/component/barchart/braille.go:61.59,62.89 1 2
github.com/boolean-maybe/tiki/component/barchart/braille.go:63.58,64.86 1 1
github.com/boolean-maybe/tiki/component/barchart/braille.go:65.41,66.18 1 1
github.com/boolean-maybe/tiki/component/barchart/braille.go:67.10,68.10 1 3
github.com/boolean-maybe/tiki/component/barchart/braille.go:69.60,70.90 1 1
github.com/boolean-maybe/tiki/component/barchart/braille.go:71.33,72.87 1 2
github.com/boolean-maybe/tiki/component/barchart/braille.go:73.34,74.90 1 0
github.com/boolean-maybe/tiki/component/barchart/braille.go:77.2,77.17 1 0
github.com/boolean-maybe/tiki/component/barchart/braille.go:80.45,81.16 1 13
github.com/boolean-maybe/tiki/component/barchart/braille.go:81.16,83.3 1 2
github.com/boolean-maybe/tiki/component/barchart/braille.go:84.2,84.18 1 11
github.com/boolean-maybe/tiki/component/barchart/braille.go:84.18,86.3 1 1
github.com/boolean-maybe/tiki/component/barchart/braille.go:87.2,87.23 1 10
github.com/boolean-maybe/tiki/component/barchart/braille.go:87.23,89.3 1 2
github.com/boolean-maybe/tiki/component/barchart/braille.go:90.2,90.17 1 8
github.com/boolean-maybe/tiki/component/barchart/braille.go:93.73,95.38 2 10
github.com/boolean-maybe/tiki/component/barchart/braille.go:95.38,97.3 1 2
github.com/boolean-maybe/tiki/component/barchart/braille.go:99.2,100.15 2 8
github.com/boolean-maybe/tiki/component/barchart/braille.go:100.15,102.3 1 1
github.com/boolean-maybe/tiki/component/barchart/braille.go:104.2,105.29 2 8
github.com/boolean-maybe/tiki/component/barchart/braille.go:105.29,107.3 1 2
github.com/boolean-maybe/tiki/component/barchart/braille.go:108.2,108.24 1 6
github.com/boolean-maybe/tiki/component/barchart/braille.go:108.24,110.3 1 1
github.com/boolean-maybe/tiki/component/barchart/braille.go:111.2,111.14 1 5
github.com/boolean-maybe/tiki/component/barchart/braille.go:114.50,115.21 1 10
github.com/boolean-maybe/tiki/component/barchart/braille.go:115.21,117.3 1 2
github.com/boolean-maybe/tiki/component/barchart/braille.go:118.2,119.25 2 8
github.com/boolean-maybe/tiki/component/barchart/braille.go:119.25,121.3 1 2
github.com/boolean-maybe/tiki/component/barchart/braille.go:122.2,123.19 2 6
github.com/boolean-maybe/tiki/component/barchart/braille.go:123.19,125.3 1 2
github.com/boolean-maybe/tiki/component/barchart/braille.go:126.2,126.18 1 4
github.com/boolean-maybe/tiki/component/barchart/braille.go:129.59,130.16 1 20
github.com/boolean-maybe/tiki/component/barchart/braille.go:130.16,132.3 1 7
github.com/boolean-maybe/tiki/component/barchart/braille.go:134.2,134.15 1 13
github.com/boolean-maybe/tiki/component/barchart/braille.go:134.15,136.3 1 1
github.com/boolean-maybe/tiki/component/barchart/braille.go:138.2,139.17 2 13
github.com/boolean-maybe/tiki/component/barchart/braille.go:139.17,141.3 1 5
github.com/boolean-maybe/tiki/component/barchart/braille.go:141.8,143.3 1 8
github.com/boolean-maybe/tiki/component/barchart/braille.go:145.2,146.29 2 13
github.com/boolean-maybe/tiki/component/barchart/braille.go:146.29,148.3 1 36
github.com/boolean-maybe/tiki/component/barchart/braille.go:149.2,149.13 1 13
github.com/boolean-maybe/tiki/component/barchart/braille.go:152.59,155.2 2 5
github.com/boolean-maybe/tiki/component/barchart/solid.go:9.93,10.36 1 0
github.com/boolean-maybe/tiki/component/barchart/solid.go:10.36,14.36 4 0
github.com/boolean-maybe/tiki/component/barchart/solid.go:14.36,16.4 1 0
github.com/boolean-maybe/tiki/component/barchart/solid.go:20.92,21.36 1 0
github.com/boolean-maybe/tiki/component/barchart/solid.go:21.36,22.58 1 0
github.com/boolean-maybe/tiki/component/barchart/solid.go:22.58,23.12 1 0
github.com/boolean-maybe/tiki/component/barchart/solid.go:25.3,28.36 4 0
github.com/boolean-maybe/tiki/component/barchart/solid.go:28.36,29.59 1 0
github.com/boolean-maybe/tiki/component/barchart/solid.go:29.59,30.13 1 0
github.com/boolean-maybe/tiki/component/barchart/solid.go:32.4,32.58 1 0
github.com/boolean-maybe/tiki/component/barchart/solid.go:37.69,38.18 1 2
github.com/boolean-maybe/tiki/component/barchart/solid.go:38.18,40.3 1 1
github.com/boolean-maybe/tiki/component/barchart/solid.go:41.2,41.16 1 1
github.com/boolean-maybe/tiki/component/barchart/solid.go:41.16,43.3 1 0
github.com/boolean-maybe/tiki/component/barchart/solid.go:46.2,46.26 1 1
github.com/boolean-maybe/tiki/component/barchart/solid.go:46.26,48.3 1 0
github.com/boolean-maybe/tiki/component/barchart/solid.go:50.2,53.71 3 1
github.com/boolean-maybe/tiki/component/barchart/util.go:12.81,14.35 2 0
github.com/boolean-maybe/tiki/component/barchart/util.go:14.35,16.3 1 0
github.com/boolean-maybe/tiki/component/barchart/util.go:19.102,20.16 1 0
github.com/boolean-maybe/tiki/component/barchart/util.go:20.16,22.3 1 0
github.com/boolean-maybe/tiki/component/barchart/util.go:24.2,25.24 2 0
github.com/boolean-maybe/tiki/component/barchart/util.go:25.24,27.3 1 0
github.com/boolean-maybe/tiki/component/barchart/util.go:29.2,31.26 3 0
github.com/boolean-maybe/tiki/component/barchart/util.go:31.26,33.3 1 0
github.com/boolean-maybe/tiki/component/barchart/util.go:36.66,37.39 1 14
github.com/boolean-maybe/tiki/component/barchart/util.go:37.39,39.3 1 4
github.com/boolean-maybe/tiki/component/barchart/util.go:41.2,42.15 2 10
github.com/boolean-maybe/tiki/component/barchart/util.go:42.15,44.3 1 1
github.com/boolean-maybe/tiki/component/barchart/util.go:45.2,47.30 2 10
github.com/boolean-maybe/tiki/component/barchart/util.go:47.30,49.3 1 2
github.com/boolean-maybe/tiki/component/barchart/util.go:50.2,50.26 1 8
github.com/boolean-maybe/tiki/component/barchart/util.go:50.26,52.3 1 2
github.com/boolean-maybe/tiki/component/barchart/util.go:53.2,53.15 1 6
github.com/boolean-maybe/tiki/component/barchart/util.go:56.94,57.38 1 10
github.com/boolean-maybe/tiki/component/barchart/util.go:57.38,59.3 1 3
github.com/boolean-maybe/tiki/component/barchart/util.go:61.2,62.18 2 7
github.com/boolean-maybe/tiki/component/barchart/util.go:62.18,64.3 1 1
github.com/boolean-maybe/tiki/component/barchart/util.go:66.2,67.18 2 7
github.com/boolean-maybe/tiki/component/barchart/util.go:67.18,69.3 1 1
github.com/boolean-maybe/tiki/component/barchart/util.go:71.2,72.32 2 7
github.com/boolean-maybe/tiki/component/barchart/util.go:72.32,74.3 1 4
github.com/boolean-maybe/tiki/component/barchart/util.go:76.2,77.18 2 3
github.com/boolean-maybe/tiki/component/barchart/util.go:77.18,79.3 1 1
github.com/boolean-maybe/tiki/component/barchart/util.go:81.2,82.32 2 3
github.com/boolean-maybe/tiki/component/barchart/util.go:82.32,84.3 1 2
github.com/boolean-maybe/tiki/component/barchart/util.go:86.2,86.18 1 1
github.com/boolean-maybe/tiki/component/barchart/util.go:86.18,88.19 2 1
github.com/boolean-maybe/tiki/component/barchart/util.go:88.19,90.4 1 0
github.com/boolean-maybe/tiki/component/barchart/util.go:93.2,94.31 2 1
github.com/boolean-maybe/tiki/component/barchart/util.go:94.31,96.3 1 0
github.com/boolean-maybe/tiki/component/barchart/util.go:98.2,98.41 1 1
github.com/boolean-maybe/tiki/component/barchart/util.go:101.68,102.38 1 9
github.com/boolean-maybe/tiki/component/barchart/util.go:102.38,104.3 1 4
github.com/boolean-maybe/tiki/component/barchart/util.go:106.2,107.17 2 5
github.com/boolean-maybe/tiki/component/barchart/util.go:107.17,109.3 1 1
github.com/boolean-maybe/tiki/component/barchart/util.go:110.2,110.16 1 4
github.com/boolean-maybe/tiki/component/barchart/util.go:113.38,115.27 2 5
github.com/boolean-maybe/tiki/component/barchart/util.go:115.27,116.22 1 8
github.com/boolean-maybe/tiki/component/barchart/util.go:116.22,118.4 1 3
github.com/boolean-maybe/tiki/component/barchart/util.go:120.2,120.12 1 5
github.com/boolean-maybe/tiki/component/barchart/util.go:123.51,124.16 1 7
github.com/boolean-maybe/tiki/component/barchart/util.go:124.16,126.3 1 2
github.com/boolean-maybe/tiki/component/barchart/util.go:127.2,128.25 2 5
github.com/boolean-maybe/tiki/component/barchart/util.go:128.25,130.3 1 3
github.com/boolean-maybe/tiki/component/barchart/util.go:131.2,131.30 1 2
github.com/boolean-maybe/tiki/component/barchart/util.go:134.33,135.25 1 4
github.com/boolean-maybe/tiki/component/barchart/util.go:135.25,136.20 1 5
github.com/boolean-maybe/tiki/component/barchart/util.go:136.20,138.4 1 2
github.com/boolean-maybe/tiki/component/barchart/util.go:140.2,140.14 1 2
github.com/boolean-maybe/tiki/controller/actions.go:90.46,92.28 2 1
github.com/boolean-maybe/tiki/controller/actions.go:92.28,93.32 1 2
github.com/boolean-maybe/tiki/controller/actions.go:93.32,94.12 1 0
github.com/boolean-maybe/tiki/controller/actions.go:96.3,104.50 2 2
github.com/boolean-maybe/tiki/controller/actions.go:104.50,105.20 1 2
github.com/boolean-maybe/tiki/controller/actions.go:105.20,107.6 1 0
github.com/boolean-maybe/tiki/controller/actions.go:108.5,108.39 1 2
github.com/boolean-maybe/tiki/controller/actions.go:115.41,116.33 1 1
github.com/boolean-maybe/tiki/controller/actions.go:116.33,118.3 1 0
github.com/boolean-maybe/tiki/controller/actions.go:119.2,119.29 1 1
github.com/boolean-maybe/tiki/controller/actions.go:124.50,127.55 3 0
github.com/boolean-maybe/tiki/controller/actions.go:127.55,129.3 1 0
github.com/boolean-maybe/tiki/controller/actions.go:130.2,130.11 1 0
github.com/boolean-maybe/tiki/controller/actions.go:169.42,175.2 1 317
github.com/boolean-maybe/tiki/controller/actions.go:179.50,182.33 3 2159
github.com/boolean-maybe/tiki/controller/actions.go:182.33,184.3 1 1170
github.com/boolean-maybe/tiki/controller/actions.go:184.8,186.3 1 989
github.com/boolean-maybe/tiki/controller/actions.go:192.55,193.39 1 39
github.com/boolean-maybe/tiki/controller/actions.go:193.39,195.3 1 74
github.com/boolean-maybe/tiki/controller/actions.go:200.47,201.33 1 34
github.com/boolean-maybe/tiki/controller/actions.go:201.33,203.3 1 32
github.com/boolean-maybe/tiki/controller/actions.go:207.48,209.2 1 19
github.com/boolean-maybe/tiki/controller/actions.go:212.61,215.2 2 13
github.com/boolean-maybe/tiki/controller/actions.go:220.99,224.52 2 2199
github.com/boolean-maybe/tiki/controller/actions.go:224.52,226.3 1 220
github.com/boolean-maybe/tiki/controller/actions.go:229.2,229.52 1 1979
github.com/boolean-maybe/tiki/controller/actions.go:229.52,230.31 1 0
github.com/boolean-maybe/tiki/controller/actions.go:230.31,232.4 1 0
github.com/boolean-maybe/tiki/controller/actions.go:235.2,235.21 1 1979
github.com/boolean-maybe/tiki/controller/actions.go:239.90,242.26 2 40
github.com/boolean-maybe/tiki/controller/actions.go:242.26,243.50 1 32
github.com/boolean-maybe/tiki/controller/actions.go:243.50,245.4 1 8
github.com/boolean-maybe/tiki/controller/actions.go:247.3,247.15 1 24
github.com/boolean-maybe/tiki/controller/actions.go:247.15,248.68 1 1
github.com/boolean-maybe/tiki/controller/actions.go:248.68,250.5 1 1
github.com/boolean-maybe/tiki/controller/actions.go:252.3,252.13 1 23
github.com/boolean-maybe/tiki/controller/actions.go:255.2,255.48 1 8
github.com/boolean-maybe/tiki/controller/actions.go:255.48,257.3 1 8
github.com/boolean-maybe/tiki/controller/actions.go:259.2,259.12 1 0
github.com/boolean-maybe/tiki/controller/actions.go:263.63,265.2 1 10
github.com/boolean-maybe/tiki/controller/actions.go:269.90,271.2 1 30
github.com/boolean-maybe/tiki/controller/actions.go:275.60,276.47 1 0
github.com/boolean-maybe/tiki/controller/actions.go:276.47,278.3 1 0
github.com/boolean-maybe/tiki/controller/actions.go:279.2,279.14 1 0
github.com/boolean-maybe/tiki/controller/actions.go:283.45,291.2 7 35
github.com/boolean-maybe/tiki/controller/actions.go:294.54,296.30 2 1
github.com/boolean-maybe/tiki/controller/actions.go:296.30,297.21 1 3
github.com/boolean-maybe/tiki/controller/actions.go:297.21,299.4 1 1
github.com/boolean-maybe/tiki/controller/actions.go:301.2,301.15 1 1
github.com/boolean-maybe/tiki/controller/actions.go:305.55,306.14 1 7
github.com/boolean-maybe/tiki/controller/actions.go:306.14,308.3 1 1
github.com/boolean-maybe/tiki/controller/actions.go:309.2,311.30 3 6
github.com/boolean-maybe/tiki/controller/actions.go:311.30,312.24 1 32
github.com/boolean-maybe/tiki/controller/actions.go:312.24,313.12 1 14
github.com/boolean-maybe/tiki/controller/actions.go:315.3,315.17 1 18
github.com/boolean-maybe/tiki/controller/actions.go:315.17,316.12 1 1
github.com/boolean-maybe/tiki/controller/actions.go:318.3,319.29 2 17
github.com/boolean-maybe/tiki/controller/actions.go:321.2,321.15 1 6
github.com/boolean-maybe/tiki/controller/actions.go:325.55,326.14 1 5
github.com/boolean-maybe/tiki/controller/actions.go:326.14,328.3 1 1
github.com/boolean-maybe/tiki/controller/actions.go:329.2,329.30 1 4
github.com/boolean-maybe/tiki/controller/actions.go:329.30,330.17 1 6
github.com/boolean-maybe/tiki/controller/actions.go:330.17,332.4 1 3
github.com/boolean-maybe/tiki/controller/actions.go:334.2,334.14 1 1
github.com/boolean-maybe/tiki/controller/actions.go:339.65,340.14 1 0
github.com/boolean-maybe/tiki/controller/actions.go:340.14,342.3 1 0
github.com/boolean-maybe/tiki/controller/actions.go:343.2,345.28 3 0
github.com/boolean-maybe/tiki/controller/actions.go:345.28,354.3 1 0
github.com/boolean-maybe/tiki/controller/actions.go:355.2,355.15 1 0
github.com/boolean-maybe/tiki/controller/actions.go:360.46,363.58 2 88
github.com/boolean-maybe/tiki/controller/actions.go:363.58,364.59 1 0
github.com/boolean-maybe/tiki/controller/actions.go:364.59,366.4 1 0
github.com/boolean-maybe/tiki/controller/actions.go:367.3,367.64 1 0
github.com/boolean-maybe/tiki/controller/actions.go:370.2,377.31 7 88
github.com/boolean-maybe/tiki/controller/actions.go:377.31,379.3 1 1
github.com/boolean-maybe/tiki/controller/actions.go:381.2,381.10 1 88
github.com/boolean-maybe/tiki/controller/actions.go:386.54,390.2 3 0
github.com/boolean-maybe/tiki/controller/actions.go:394.44,402.2 5 84
github.com/boolean-maybe/tiki/controller/actions.go:405.53,410.2 4 9
github.com/boolean-maybe/tiki/controller/actions.go:413.45,419.2 5 2
github.com/boolean-maybe/tiki/controller/actions.go:422.46,427.2 4 1
github.com/boolean-maybe/tiki/controller/actions.go:430.44,435.2 4 1
github.com/boolean-maybe/tiki/controller/actions.go:438.48,442.2 2 1
github.com/boolean-maybe/tiki/controller/actions.go:445.48,450.2 4 1
github.com/boolean-maybe/tiki/controller/actions.go:453.46,457.2 2 1
github.com/boolean-maybe/tiki/controller/actions.go:460.43,466.2 5 0
github.com/boolean-maybe/tiki/controller/actions.go:469.50,476.2 6 0
github.com/boolean-maybe/tiki/controller/actions.go:479.51,484.2 4 1
github.com/boolean-maybe/tiki/controller/actions.go:487.44,491.2 3 1
github.com/boolean-maybe/tiki/controller/actions.go:494.44,498.2 3 0
github.com/boolean-maybe/tiki/controller/actions.go:501.64,502.15 1 7
github.com/boolean-maybe/tiki/controller/actions.go:503.28,504.32 1 1
github.com/boolean-maybe/tiki/controller/actions.go:505.29,506.33 1 1
github.com/boolean-maybe/tiki/controller/actions.go:507.27,508.31 1 1
github.com/boolean-maybe/tiki/controller/actions.go:509.31,510.35 1 1
github.com/boolean-maybe/tiki/controller/actions.go:511.31,512.35 1 1
github.com/boolean-maybe/tiki/controller/actions.go:513.29,514.33 1 1
github.com/boolean-maybe/tiki/controller/actions.go:515.26,516.30 1 0
github.com/boolean-maybe/tiki/controller/actions.go:517.33,518.37 1 0
github.com/boolean-maybe/tiki/controller/actions.go:519.34,520.38 1 1
github.com/boolean-maybe/tiki/controller/actions.go:521.10,523.32 1 0
github.com/boolean-maybe/tiki/controller/actions.go:529.42,555.2 18 34
github.com/boolean-maybe/tiki/controller/actions.go:558.40,585.2 17 36
github.com/boolean-maybe/tiki/controller/actions.go:589.40,603.2 5 0
github.com/boolean-maybe/tiki/controller/agent.go:10.52,19.2 1 4
github.com/boolean-maybe/tiki/controller/agent.go:23.90,25.9 2 5
github.com/boolean-maybe/tiki/controller/agent.go:25.9,28.3 1 1
github.com/boolean-maybe/tiki/controller/agent.go:29.2,30.46 2 4
github.com/boolean-maybe/tiki/controller/deps.go:40.19,53.2 1 35
github.com/boolean-maybe/tiki/controller/deps.go:55.49,55.65 1 1
github.com/boolean-maybe/tiki/controller/deps.go:58.67,60.2 1 2
github.com/boolean-maybe/tiki/controller/deps.go:63.64,64.18 1 14
github.com/boolean-maybe/tiki/controller/deps.go:65.19,66.56 1 0
github.com/boolean-maybe/tiki/controller/deps.go:67.21,68.58 1 2
github.com/boolean-maybe/tiki/controller/deps.go:69.21,70.58 1 2
github.com/boolean-maybe/tiki/controller/deps.go:71.22,72.59 1 4
github.com/boolean-maybe/tiki/controller/deps.go:73.26,74.31 1 0
github.com/boolean-maybe/tiki/controller/deps.go:75.27,76.30 1 0
github.com/boolean-maybe/tiki/controller/deps.go:77.28,79.19 2 1
github.com/boolean-maybe/tiki/controller/deps.go:79.19,81.4 1 0
github.com/boolean-maybe/tiki/controller/deps.go:82.3,86.14 2 1
github.com/boolean-maybe/tiki/controller/deps.go:87.21,88.28 1 1
github.com/boolean-maybe/tiki/controller/deps.go:89.24,90.57 1 2
github.com/boolean-maybe/tiki/controller/deps.go:91.28,93.14 2 1
github.com/boolean-maybe/tiki/controller/deps.go:94.10,95.15 1 1
github.com/boolean-maybe/tiki/controller/deps.go:100.54,101.37 1 3
github.com/boolean-maybe/tiki/controller/deps.go:101.37,103.3 1 1
github.com/boolean-maybe/tiki/controller/deps.go:110.74,111.49 1 56
github.com/boolean-maybe/tiki/controller/deps.go:111.49,113.3 1 2
github.com/boolean-maybe/tiki/controller/deps.go:115.2,116.24 2 54
github.com/boolean-maybe/tiki/controller/deps.go:116.24,118.3 1 3
github.com/boolean-maybe/tiki/controller/deps.go:120.2,125.14 5 51
github.com/boolean-maybe/tiki/controller/deps.go:126.19,127.78 1 28
github.com/boolean-maybe/tiki/controller/deps.go:128.22,129.21 1 16
github.com/boolean-maybe/tiki/controller/deps.go:130.23,131.22 1 7
github.com/boolean-maybe/tiki/controller/deps.go:135.2,135.79 1 51
github.com/boolean-maybe/tiki/controller/deps.go:135.79,137.36 2 4
github.com/boolean-maybe/tiki/controller/deps.go:137.36,139.4 1 4
github.com/boolean-maybe/tiki/controller/deps.go:140.3,140.50 1 4
github.com/boolean-maybe/tiki/controller/deps.go:143.2,143.15 1 51
github.com/boolean-maybe/tiki/controller/deps.go:153.59,154.33 1 10
github.com/boolean-maybe/tiki/controller/deps.go:154.33,156.3 1 2
github.com/boolean-maybe/tiki/controller/deps.go:158.2,159.23 2 8
github.com/boolean-maybe/tiki/controller/deps.go:159.23,161.3 1 1
github.com/boolean-maybe/tiki/controller/deps.go:163.2,165.61 3 7
github.com/boolean-maybe/tiki/controller/deps.go:165.61,167.3 1 2
github.com/boolean-maybe/tiki/controller/deps.go:169.2,173.9 3 5
github.com/boolean-maybe/tiki/controller/deps.go:174.65,175.107 1 2
github.com/boolean-maybe/tiki/controller/deps.go:176.66,177.107 1 1
github.com/boolean-maybe/tiki/controller/deps.go:178.65,179.107 1 1
github.com/boolean-maybe/tiki/controller/deps.go:180.66,181.107 1 1
github.com/boolean-maybe/tiki/controller/deps.go:182.10,183.15 1 0
github.com/boolean-maybe/tiki/controller/deps.go:186.2,188.16 3 5
github.com/boolean-maybe/tiki/controller/deps.go:188.16,191.3 2 0
github.com/boolean-maybe/tiki/controller/deps.go:193.2,195.16 3 5
github.com/boolean-maybe/tiki/controller/deps.go:195.16,198.3 2 0
github.com/boolean-maybe/tiki/controller/deps.go:200.2,200.61 1 5
github.com/boolean-maybe/tiki/controller/deps.go:200.61,202.3 1 0
github.com/boolean-maybe/tiki/controller/deps.go:204.2,204.48 1 5
github.com/boolean-maybe/tiki/controller/deps.go:204.48,205.83 1 5
github.com/boolean-maybe/tiki/controller/deps.go:205.83,207.28 2 1
github.com/boolean-maybe/tiki/controller/deps.go:207.28,209.5 1 1
github.com/boolean-maybe/tiki/controller/deps.go:210.4,210.16 1 1
github.com/boolean-maybe/tiki/controller/deps.go:214.2,215.13 2 4
github.com/boolean-maybe/tiki/controller/deps.go:219.107,220.37 1 51
github.com/boolean-maybe/tiki/controller/deps.go:220.37,222.3 1 1
github.com/boolean-maybe/tiki/controller/deps.go:223.2,224.43 2 50
github.com/boolean-maybe/tiki/controller/deps.go:224.43,226.3 1 64
github.com/boolean-maybe/tiki/controller/deps.go:227.2,228.29 2 50
github.com/boolean-maybe/tiki/controller/deps.go:228.29,229.18 1 262
github.com/boolean-maybe/tiki/controller/deps.go:229.18,231.4 1 64
github.com/boolean-maybe/tiki/controller/deps.go:233.2,233.15 1 50
github.com/boolean-maybe/tiki/controller/deps.go:237.126,240.27 3 28
github.com/boolean-maybe/tiki/controller/deps.go:240.27,242.3 1 43
github.com/boolean-maybe/tiki/controller/deps.go:243.2,243.28 1 28
github.com/boolean-maybe/tiki/controller/deps.go:243.28,245.3 1 34
github.com/boolean-maybe/tiki/controller/deps.go:246.2,247.29 2 28
github.com/boolean-maybe/tiki/controller/deps.go:247.29,248.21 1 147
github.com/boolean-maybe/tiki/controller/deps.go:248.21,250.4 1 42
github.com/boolean-maybe/tiki/controller/deps.go:252.2,252.15 1 28
github.com/boolean-maybe/tiki/controller/doki_controller.go:23.19,30.2 1 0
github.com/boolean-maybe/tiki/controller/doki_controller.go:33.63,35.2 1 0
github.com/boolean-maybe/tiki/controller/doki_controller.go:38.50,40.2 1 0
github.com/boolean-maybe/tiki/controller/doki_controller.go:43.49,43.64 1 0
github.com/boolean-maybe/tiki/controller/doki_controller.go:49.64,50.18 1 0
github.com/boolean-maybe/tiki/controller/doki_controller.go:51.26,53.15 1 0
github.com/boolean-maybe/tiki/controller/doki_controller.go:54.29,56.15 1 0
github.com/boolean-maybe/tiki/controller/doki_controller.go:57.10,58.15 1 0
github.com/boolean-maybe/tiki/controller/doki_controller.go:63.55,63.56 0 0
github.com/boolean-maybe/tiki/controller/doki_controller.go:65.87,67.2 1 0
github.com/boolean-maybe/tiki/controller/doki_controller.go:68.88,70.2 1 0
github.com/boolean-maybe/tiki/controller/doki_controller.go:71.81,73.2 1 0
github.com/boolean-maybe/tiki/controller/input_router.go:73.16,85.2 1 0
github.com/boolean-maybe/tiki/controller/input_router.go:88.64,90.2 1 0
github.com/boolean-maybe/tiki/controller/input_router.go:93.72,95.2 1 0
github.com/boolean-maybe/tiki/controller/input_router.go:106.88,110.60 2 0
github.com/boolean-maybe/tiki/controller/input_router.go:110.60,111.37 1 0
github.com/boolean-maybe/tiki/controller/input_router.go:111.37,113.4 1 0
github.com/boolean-maybe/tiki/controller/input_router.go:117.2,117.71 1 0
github.com/boolean-maybe/tiki/controller/input_router.go:117.71,118.73 1 0
github.com/boolean-maybe/tiki/controller/input_router.go:118.73,120.4 1 0
github.com/boolean-maybe/tiki/controller/input_router.go:125.2,125.60 1 0
github.com/boolean-maybe/tiki/controller/input_router.go:125.60,126.38 1 0
github.com/boolean-maybe/tiki/controller/input_router.go:126.38,128.4 1 0
github.com/boolean-maybe/tiki/controller/input_router.go:131.2,131.24 1 0
github.com/boolean-maybe/tiki/controller/input_router.go:131.24,133.3 1 0
github.com/boolean-maybe/tiki/controller/input_router.go:135.2,140.20 3 0
github.com/boolean-maybe/tiki/controller/input_router.go:140.20,142.3 1 0
github.com/boolean-maybe/tiki/controller/input_router.go:144.2,144.70 1 0
github.com/boolean-maybe/tiki/controller/input_router.go:144.70,146.3 1 0
github.com/boolean-maybe/tiki/controller/input_router.go:147.2,147.78 1 0
github.com/boolean-maybe/tiki/controller/input_router.go:147.78,149.3 1 0
github.com/boolean-maybe/tiki/controller/input_router.go:150.2,150.91 1 0
github.com/boolean-maybe/tiki/controller/input_router.go:150.91,152.3 1 0
[...]
github.com/boolean-maybe/tiki/config/loader.go:327.33,328.65 1 2
github.com/boolean-maybe/tiki/config/loader.go:328.65,330.3 1 1
github.com/boolean-maybe/tiki/config/loader.go:331.2,331.34 1 1
github.com/boolean-maybe/tiki/config/loader.go:335.38,337.2 1 1
github.com/boolean-maybe/tiki/config/loader.go:340.34,342.2 1 1
github.com/boolean-maybe/tiki/config/loader.go:345.26,347.2 1 2
github.com/boolean-maybe/tiki/config/palettes.go:11.28,57.2 1 7
github.com/boolean-maybe/tiki/config/palettes.go:60.29,106.2 1 4
github.com/boolean-maybe/tiki/config/palettes.go:110.31,156.2 1 4
github.com/boolean-maybe/tiki/config/palettes.go:160.34,206.2 1 4
github.com/boolean-maybe/tiki/config/palettes.go:210.35,256.2 1 4
github.com/boolean-maybe/tiki/config/palettes.go:260.39,306.2 1 4
github.com/boolean-maybe/tiki/config/palettes.go:310.37,356.2 1 4
github.com/boolean-maybe/tiki/config/palettes.go:360.28,406.2 1 4
github.com/boolean-maybe/tiki/config/palettes.go:410.31,456.2 1 4
github.com/boolean-maybe/tiki/config/palettes.go:460.31,506.2 1 4
github.com/boolean-maybe/tiki/config/palettes.go:512.39,558.2 1 4
github.com/boolean-maybe/tiki/config/palettes.go:562.38,608.2 1 4
github.com/boolean-maybe/tiki/config/palettes.go:612.36,658.2 1 4
github.com/boolean-maybe/tiki/config/palettes.go:662.35,708.2 1 4
github.com/boolean-maybe/tiki/config/paths.go:28.45,30.16 2 51
github.com/boolean-maybe/tiki/config/paths.go:30.16,32.3 1 0
github.com/boolean-maybe/tiki/config/paths.go:34.2,35.16 2 51
github.com/boolean-maybe/tiki/config/paths.go:35.16,37.3 1 0
github.com/boolean-maybe/tiki/config/paths.go:39.2,40.16 2 51
github.com/boolean-maybe/tiki/config/paths.go:40.16,42.3 1 0
github.com/boolean-maybe/tiki/config/paths.go:44.2,48.8 1 51
github.com/boolean-maybe/tiki/config/paths.go:52.41,54.64 1 54
github.com/boolean-maybe/tiki/config/paths.go:54.64,56.3 1 52
github.com/boolean-maybe/tiki/config/paths.go:58.2,59.16 2 2
github.com/boolean-maybe/tiki/config/paths.go:59.16,61.3 1 0
github.com/boolean-maybe/tiki/config/paths.go:63.2,63.22 1 2
github.com/boolean-maybe/tiki/config/paths.go:64.16,70.70 2 2
github.com/boolean-maybe/tiki/config/paths.go:70.70,72.4 1 2
github.com/boolean-maybe/tiki/config/paths.go:75.3,76.69 2 0
github.com/boolean-maybe/tiki/config/paths.go:76.69,78.4 1 0
github.com/boolean-maybe/tiki/config/paths.go:81.3,81.79 1 0
github.com/boolean-maybe/tiki/config/paths.go:83.17,85.53 1 0
github.com/boolean-maybe/tiki/config/paths.go:85.53,87.4 1 0
github.com/boolean-maybe/tiki/config/paths.go:88.3,88.67 1 0
github.com/boolean-maybe/tiki/config/paths.go:90.10,92.56 1 0
github.com/boolean-maybe/tiki/config/paths.go:97.40,99.61 1 53
github.com/boolean-maybe/tiki/config/paths.go:99.61,101.3 1 1
github.com/boolean-maybe/tiki/config/paths.go:103.2,104.16 2 52
github.com/boolean-maybe/tiki/config/paths.go:104.16,106.3 1 0
github.com/boolean-maybe/tiki/config/paths.go:108.2,108.22 1 52
github.com/boolean-maybe/tiki/config/paths.go:109.16,111.66 1 52
github.com/boolean-maybe/tiki/config/paths.go:113.17,115.68 1 0
github.com/boolean-maybe/tiki/config/paths.go:115.68,117.4 1 0
github.com/boolean-maybe/tiki/config/paths.go:118.3,118.65 1 0
github.com/boolean-maybe/tiki/config/paths.go:120.10,122.55 1 0
github.com/boolean-maybe/tiki/config/paths.go:127.39,129.16 2 52
github.com/boolean-maybe/tiki/config/paths.go:129.16,131.3 1 0
github.com/boolean-maybe/tiki/config/paths.go:132.2,132.17 1 52
github.com/boolean-maybe/tiki/config/paths.go:136.43,138.2 1 26
github.com/boolean-maybe/tiki/config/paths.go:141.42,143.2 1 3
github.com/boolean-maybe/tiki/config/paths.go:146.44,148.2 1 14
github.com/boolean-maybe/tiki/config/paths.go:151.41,153.2 1 7
github.com/boolean-maybe/tiki/config/paths.go:156.41,158.2 1 4
github.com/boolean-maybe/tiki/config/paths.go:161.50,163.2 1 46
github.com/boolean-maybe/tiki/config/paths.go:166.51,168.2 1 2
github.com/boolean-maybe/tiki/config/paths.go:172.53,177.2 1 2
github.com/boolean-maybe/tiki/config/paths.go:180.56,182.2 1 23
github.com/boolean-maybe/tiki/config/paths.go:185.46,187.2 1 5
github.com/boolean-maybe/tiki/config/paths.go:190.43,193.56 1 1
github.com/boolean-maybe/tiki/config/paths.go:193.56,195.3 1 0
github.com/boolean-maybe/tiki/config/paths.go:199.2,203.56 2 1
github.com/boolean-maybe/tiki/config/paths.go:203.56,205.3 1 0
github.com/boolean-maybe/tiki/config/paths.go:208.2,208.56 1 1
github.com/boolean-maybe/tiki/config/paths.go:208.56,210.3 1 0
github.com/boolean-maybe/tiki/config/paths.go:212.2,212.12 1 1
github.com/boolean-maybe/tiki/config/paths.go:224.45,226.24 2 105
github.com/boolean-maybe/tiki/config/paths.go:226.24,229.3 2 56
github.com/boolean-maybe/tiki/config/paths.go:230.2,236.24 4 49
github.com/boolean-maybe/tiki/config/paths.go:236.24,238.3 1 0
github.com/boolean-maybe/tiki/config/paths.go:240.2,240.28 1 49
github.com/boolean-maybe/tiki/config/paths.go:240.28,242.3 1 49
github.com/boolean-maybe/tiki/config/paths.go:243.2,243.36 1 49
github.com/boolean-maybe/tiki/config/paths.go:248.24,250.16 2 3
github.com/boolean-maybe/tiki/config/paths.go:250.16,252.3 1 0
github.com/boolean-maybe/tiki/config/paths.go:253.2,253.12 1 3
github.com/boolean-maybe/tiki/config/paths.go:258.25,264.2 5 74
github.com/boolean-maybe/tiki/config/paths.go:268.40,270.16 2 102
github.com/boolean-maybe/tiki/config/paths.go:270.16,271.87 1 0
github.com/boolean-maybe/tiki/config/paths.go:273.2,273.11 1 102
github.com/boolean-maybe/tiki/config/paths.go:281.28,283.2 1 23
github.com/boolean-maybe/tiki/config/paths.go:286.27,288.2 1 1
github.com/boolean-maybe/tiki/config/paths.go:291.29,293.2 1 1
github.com/boolean-maybe/tiki/config/paths.go:296.26,298.2 1 4
github.com/boolean-maybe/tiki/config/paths.go:301.26,303.2 1 1
github.com/boolean-maybe/tiki/config/paths.go:306.35,308.2 1 1
github.com/boolean-maybe/tiki/config/paths.go:311.36,313.2 1 1
github.com/boolean-maybe/tiki/config/paths.go:316.38,318.2 1 1
github.com/boolean-maybe/tiki/config/paths.go:321.41,323.2 1 0
github.com/boolean-maybe/tiki/config/paths.go:337.58,341.34 3 35
github.com/boolean-maybe/tiki/config/paths.go:341.34,343.17 2 105
github.com/boolean-maybe/tiki/config/paths.go:343.17,345.4 1 0
github.com/boolean-maybe/tiki/config/paths.go:346.3,346.16 1 105
github.com/boolean-maybe/tiki/config/paths.go:346.16,347.12 1 1
github.com/boolean-maybe/tiki/config/paths.go:349.3,349.42 1 104
github.com/boolean-maybe/tiki/config/paths.go:349.42,350.12 1 69
github.com/boolean-maybe/tiki/config/paths.go:352.3,353.14 2 35
github.com/boolean-maybe/tiki/config/paths.go:356.2,356.13 1 35
github.com/boolean-maybe/tiki/config/paths.go:361.36,368.2 2 23
github.com/boolean-maybe/tiki/config/paths.go:373.35,375.16 2 11
github.com/boolean-maybe/tiki/config/paths.go:375.16,377.3 1 1
github.com/boolean-maybe/tiki/config/paths.go:378.2,378.23 1 10
github.com/boolean-maybe/tiki/config/paths.go:383.32,385.2 1 12
github.com/boolean-maybe/tiki/config/paths.go:390.32,403.34 5 4
github.com/boolean-maybe/tiki/config/paths.go:403.34,405.17 2 12
github.com/boolean-maybe/tiki/config/paths.go:405.17,407.4 1 0
github.com/boolean-maybe/tiki/config/paths.go:408.3,408.16 1 12
github.com/boolean-maybe/tiki/config/paths.go:408.16,409.12 1 0
github.com/boolean-maybe/tiki/config/paths.go:411.3,411.42 1 12
github.com/boolean-maybe/tiki/config/paths.go:411.42,412.12 1 6
github.com/boolean-maybe/tiki/config/paths.go:414.3,415.14 2 6
github.com/boolean-maybe/tiki/config/paths.go:418.2,418.13 1 4
github.com/boolean-maybe/tiki/config/paths.go:422.25,424.2 1 0
github.com/boolean-maybe/tiki/config/reset.go:43.69,45.16 2 10
github.com/boolean-maybe/tiki/config/reset.go:45.16,47.3 1 1
github.com/boolean-maybe/tiki/config/reset.go:49.2,50.16 2 9
github.com/boolean-maybe/tiki/config/reset.go:50.16,52.3 1 0
github.com/boolean-maybe/tiki/config/reset.go:54.2,55.28 2 9
github.com/boolean-maybe/tiki/config/reset.go:55.28,58.17 3 13
github.com/boolean-maybe/tiki/config/reset.go:58.17,60.4 1 0
github.com/boolean-maybe/tiki/config/reset.go:61.3,61.14 1 13
github.com/boolean-maybe/tiki/config/reset.go:61.14,63.4 1 11
github.com/boolean-maybe/tiki/config/reset.go:66.2,66.22 1 9
github.com/boolean-maybe/tiki/config/reset.go:70.46,71.15 1 22
github.com/boolean-maybe/tiki/config/reset.go:72.19,73.29 1 19
github.com/boolean-maybe/tiki/config/reset.go:74.18,75.30 1 2
github.com/boolean-maybe/tiki/config/reset.go:75.30,77.4 1 1
github.com/boolean-maybe/tiki/config/reset.go:78.3,78.36 1 1
github.com/boolean-maybe/tiki/config/reset.go:79.20,81.17 2 1
github.com/boolean-maybe/tiki/config/reset.go:81.17,83.4 1 0
github.com/boolean-maybe/tiki/config/reset.go:84.3,84.18 1 1
github.com/boolean-maybe/tiki/config/reset.go:85.10,86.52 1 0
github.com/boolean-maybe/tiki/config/reset.go:91.48,92.16 1 7
github.com/boolean-maybe/tiki/config/reset.go:93.58,94.14 1 4
github.com/boolean-maybe/tiki/config/reset.go:95.10,96.15 1 3
github.com/boolean-maybe/tiki/config/reset.go:101.62,102.25 1 9
github.com/boolean-maybe/tiki/config/reset.go:102.25,104.3 1 2
github.com/boolean-maybe/tiki/config/reset.go:105.2,106.16 2 7
github.com/boolean-maybe/tiki/config/reset.go:107.20,108.28 1 2
github.com/boolean-maybe/tiki/config/reset.go:109.22,110.37 1 4
github.com/boolean-maybe/tiki/config/reset.go:111.17,112.30 1 1
github.com/boolean-maybe/tiki/config/reset.go:113.10,114.86 1 0
github.com/boolean-maybe/tiki/config/reset.go:116.2,116.33 1 7
github.com/boolean-maybe/tiki/config/reset.go:116.33,117.29 1 13
github.com/boolean-maybe/tiki/config/reset.go:117.29,119.4 1 7
github.com/boolean-maybe/tiki/config/reset.go:121.2,121.64 1 0
github.com/boolean-maybe/tiki/config/reset.go:127.79,128.50 1 13
github.com/boolean-maybe/tiki/config/reset.go:128.50,130.3 1 6
github.com/boolean-maybe/tiki/config/reset.go:131.2,131.29 1 7
github.com/boolean-maybe/tiki/config/reset.go:136.68,138.47 2 14
github.com/boolean-maybe/tiki/config/reset.go:138.47,140.3 1 3
github.com/boolean-maybe/tiki/config/reset.go:141.2,141.33 1 11
github.com/boolean-maybe/tiki/config/reset.go:145.59,148.47 2 11
github.com/boolean-maybe/tiki/config/reset.go:148.47,150.3 1 0
github.com/boolean-maybe/tiki/config/reset.go:152.2,152.66 1 11
github.com/boolean-maybe/tiki/config/reset.go:152.66,154.3 1 0
github.com/boolean-maybe/tiki/config/reset.go:155.2,155.18 1 11
github.com/boolean-maybe/tiki/config/reset.go:159.48,161.16 2 7
github.com/boolean-maybe/tiki/config/reset.go:161.16,163.3 1 6
github.com/boolean-maybe/tiki/config/reset.go:164.2,164.36 1 1
github.com/boolean-maybe/tiki/config/reset.go:164.36,166.3 1 1
github.com/boolean-maybe/tiki/config/reset.go:167.2,167.19 1 0
github.com/boolean-maybe/tiki/config/statuses.go:21.44,23.2 1 6
github.com/boolean-maybe/tiki/config/statuses.go:34.33,36.21 2 5
github.com/boolean-maybe/tiki/config/statuses.go:36.21,38.3 1 1
github.com/boolean-maybe/tiki/config/statuses.go:40.2,43.16 3 4
github.com/boolean-maybe/tiki/config/statuses.go:43.16,45.3 1 1
github.com/boolean-maybe/tiki/config/statuses.go:46.2,46.22 1 3
github.com/boolean-maybe/tiki/config/statuses.go:46.22,48.3 1 1
github.com/boolean-maybe/tiki/config/statuses.go:50.2,51.16 2 2
github.com/boolean-maybe/tiki/config/statuses.go:51.16,53.3 1 0
github.com/boolean-maybe/tiki/config/statuses.go:54.2,54.14 1 2
github.com/boolean-maybe/tiki/config/statuses.go:54.14,56.3 1 1
github.com/boolean-maybe/tiki/config/statuses.go:58.2,65.12 7 1
github.com/boolean-maybe/tiki/config/statuses.go:71.51,74.33 3 10
github.com/boolean-maybe/tiki/config/statuses.go:74.33,75.70 1 1
github.com/boolean-maybe/tiki/config/statuses.go:77.2,77.29 1 9
github.com/boolean-maybe/tiki/config/statuses.go:82.47,85.31 3 4
github.com/boolean-maybe/tiki/config/statuses.go:85.31,86.68 1 1
github.com/boolean-maybe/tiki/config/statuses.go:88.2,88.27 1 3
github.com/boolean-maybe/tiki/config/statuses.go:93.60,97.2 3 2
github.com/boolean-maybe/tiki/config/statuses.go:102.53,104.16 2 19
github.com/boolean-maybe/tiki/config/statuses.go:104.16,105.53 1 0
github.com/boolean-maybe/tiki/config/statuses.go:107.2,108.16 2 19
github.com/boolean-maybe/tiki/config/statuses.go:108.16,109.68 1 0
github.com/boolean-maybe/tiki/config/statuses.go:111.2,116.30 6 19
github.com/boolean-maybe/tiki/config/statuses.go:122.49,124.16 2 1
github.com/boolean-maybe/tiki/config/statuses.go:124.16,125.51 1 0
github.com/boolean-maybe/tiki/config/statuses.go:127.2,129.21 3 1
github.com/boolean-maybe/tiki/config/statuses.go:135.121,137.16 2 0
github.com/boolean-maybe/tiki/config/statuses.go:137.16,139.3 1 0
github.com/boolean-maybe/tiki/config/statuses.go:140.2,140.22 1 0
github.com/boolean-maybe/tiki/config/statuses.go:140.22,142.3 1 0
github.com/boolean-maybe/tiki/config/statuses.go:144.2,145.16 2 0
github.com/boolean-maybe/tiki/config/statuses.go:145.16,147.3 1 0
github.com/boolean-maybe/tiki/config/statuses.go:148.2,148.14 1 0
github.com/boolean-maybe/tiki/config/statuses.go:148.14,150.3 1 0
github.com/boolean-maybe/tiki/config/statuses.go:152.2,153.16 2 0
github.com/boolean-maybe/tiki/config/statuses.go:153.16,155.3 1 0
github.com/boolean-maybe/tiki/config/statuses.go:157.2,158.30 2 0
github.com/boolean-maybe/tiki/config/statuses.go:158.30,160.21 2 0
github.com/boolean-maybe/tiki/config/statuses.go:160.21,162.4 1 0
github.com/boolean-maybe/tiki/config/statuses.go:163.3,163.37 1 0
github.com/boolean-maybe/tiki/config/statuses.go:166.2,166.65 1 0
github.com/boolean-maybe/tiki/config/statuses.go:166.65,168.3 1 0
github.com/boolean-maybe/tiki/config/statuses.go:170.2,170.43 1 0
github.com/boolean-maybe/tiki/config/statuses.go:175.28,182.2 6 19
github.com/boolean-maybe/tiki/config/statuses.go:191.74,193.16 2 9
github.com/boolean-maybe/tiki/config/statuses.go:193.16,195.3 1 1
github.com/boolean-maybe/tiki/config/statuses.go:197.2,198.50 2 8
github.com/boolean-maybe/tiki/config/statuses.go:198.50,200.3 1 2
github.com/boolean-maybe/tiki/config/statuses.go:202.2,202.27 1 6
github.com/boolean-maybe/tiki/config/statuses.go:202.27,204.3 1 3
github.com/boolean-maybe/tiki/config/statuses.go:206.2,206.48 1 3
github.com/boolean-maybe/tiki/config/statuses.go:221.75,223.16 2 9
github.com/boolean-maybe/tiki/config/statuses.go:223.16,225.3 1 0
github.com/boolean-maybe/tiki/config/statuses.go:228.2,229.51 2 9
github.com/boolean-maybe/tiki/config/statuses.go:229.51,231.3 1 1
github.com/boolean-maybe/tiki/config/statuses.go:233.2,234.13 2 8
github.com/boolean-maybe/tiki/config/statuses.go:234.13,236.3 1 2
github.com/boolean-maybe/tiki/config/statuses.go:239.2,240.9 2 6
github.com/boolean-maybe/tiki/config/statuses.go:240.9,242.3 1 0
github.com/boolean-maybe/tiki/config/statuses.go:243.2,243.26 1 6
github.com/boolean-maybe/tiki/config/statuses.go:243.26,245.3 1 1
github.com/boolean-maybe/tiki/config/statuses.go:248.2,249.35 2 5
github.com/boolean-maybe/tiki/config/statuses.go:249.35,251.10 2 7
github.com/boolean-maybe/tiki/config/statuses.go:251.10,253.4 1 0
github.com/boolean-maybe/tiki/config/statuses.go:254.3,254.27 1 7
github.com/boolean-maybe/tiki/config/statuses.go:254.27,255.28 1 19
github.com/boolean-maybe/tiki/config/statuses.go:255.28,257.5 1 1
github.com/boolean-maybe/tiki/config/statuses.go:260.3,265.27 6 6
github.com/boolean-maybe/tiki/config/statuses.go:268.2,269.16 2 4
github.com/boolean-maybe/tiki/config/statuses.go:269.16,271.3 1 1
github.com/boolean-maybe/tiki/config/statuses.go:272.2,272.23 1 3
github.com/boolean-maybe/tiki/config/system.go:50.32,54.16 4 0
github.com/boolean-maybe/tiki/config/system.go:54.16,57.3 1 0
github.com/boolean-maybe/tiki/config/system.go:58.2,58.11 1 0
github.com/boolean-maybe/tiki/config/system.go:66.47,70.28 4 0
github.com/boolean-maybe/tiki/config/system.go:70.28,72.14 2 0
github.com/boolean-maybe/tiki/config/system.go:73.15,74.44 1 0
github.com/boolean-maybe/tiki/config/system.go:74.44,76.5 1 0
github.com/boolean-maybe/tiki/config/system.go:77.17,78.31 1 0
github.com/boolean-maybe/tiki/config/system.go:78.31,80.5 1 0
github.com/boolean-maybe/tiki/config/system.go:83.2,83.13 1 0
github.com/boolean-maybe/tiki/config/system.go:89.48,91.37 1 0
github.com/boolean-maybe/tiki/config/system.go:91.37,93.3 1 0
github.com/boolean-maybe/tiki/config/system.go:95.2,98.19 3 0
github.com/boolean-maybe/tiki/config/system.go:98.19,101.50 1 0
github.com/boolean-maybe/tiki/config/system.go:101.50,103.4 1 0
github.com/boolean-maybe/tiki/config/system.go:104.3,104.50 1 0
github.com/boolean-maybe/tiki/config/system.go:104.50,107.4 2 0
github.com/boolean-maybe/tiki/config/system.go:110.2,110.19 1 0
github.com/boolean-maybe/tiki/config/system.go:110.19,124.29 3 0
github.com/boolean-maybe/tiki/config/system.go:124.29,125.39 1 0
github.com/boolean-maybe/tiki/config/system.go:125.39,127.13 2 0
github.com/boolean-maybe/tiki/config/system.go:130.4,136.76 6 0
github.com/boolean-maybe/tiki/config/system.go:136.76,138.5 1 0
github.com/boolean-maybe/tiki/config/system.go:139.4,139.49 1 0
github.com/boolean-maybe/tiki/config/system.go:144.2,146.78 3 0
github.com/boolean-maybe/tiki/config/system.go:146.78,148.3 1 0
github.com/boolean-maybe/tiki/config/system.go:149.2,152.75 3 0
github.com/boolean-maybe/tiki/config/system.go:152.75,154.3 1 0
github.com/boolean-maybe/tiki/config/system.go:155.2,159.77 3 0
github.com/boolean-maybe/tiki/config/system.go:159.77,161.3 1 0
github.com/boolean-maybe/tiki/config/system.go:162.2,166.77 3 0
github.com/boolean-maybe/tiki/config/system.go:166.77,168.3 1 0
github.com/boolean-maybe/tiki/config/system.go:169.2,175.34 4 0
github.com/boolean-maybe/tiki/config/system.go:175.34,178.3 1 0
github.com/boolean-maybe/tiki/config/system.go:180.2,180.12 1 0
github.com/boolean-maybe/tiki/config/system.go:184.41,186.2 1 1
github.com/boolean-maybe/tiki/config/system.go:189.38,191.2 1 3
github.com/boolean-maybe/tiki/config/system.go:195.37,199.41 2 0
github.com/boolean-maybe/tiki/config/system.go:199.41,201.3 1 0
github.com/boolean-maybe/tiki/config/system.go:204.2,206.47 2 0
github.com/boolean-maybe/tiki/config/system.go:206.47,208.3 1 0
github.com/boolean-maybe/tiki/config/system.go:211.2,211.78 1 0
github.com/boolean-maybe/tiki/config/system.go:211.78,213.3 1 0
github.com/boolean-maybe/tiki/config/system.go:215.2,215.12 1 0
github.com/boolean-maybe/tiki/config/themes.go:47.30,49.41 2 1
github.com/boolean-maybe/tiki/config/themes.go:49.41,51.3 1 1
github.com/boolean-maybe/tiki/config/themes.go:52.2,53.21 2 0
github.com/boolean-maybe/tiki/config/themes.go:57.26,59.2 1 0
github.com/boolean-maybe/tiki/config/themes.go:62.32,64.2 1 0
github.com/boolean-maybe/tiki/config/themes.go:67.32,69.2 1 0
github.com/boolean-maybe/tiki/config/themes.go:72.39,74.2 1 1
github.com/boolean-maybe/tiki/config/themes.go:77.28,79.34 2 2
github.com/boolean-maybe/tiki/config/themes.go:79.34,81.3 1 28
github.com/boolean-maybe/tiki/config/themes.go:82.2,83.14 2 2
github.com/boolean-maybe/tiki/config/triggers.go:23.46,25.16 2 9
github.com/boolean-maybe/tiki/config/triggers.go:25.16,27.3 1 1
github.com/boolean-maybe/tiki/config/triggers.go:29.2,30.16 2 8
github.com/boolean-maybe/tiki/config/triggers.go:30.16,32.3 1 1
github.com/boolean-maybe/tiki/config/triggers.go:34.2,34.18 1 7
github.com/boolean-maybe/tiki/config/triggers.go:39.65,41.16 2 0
github.com/boolean-maybe/tiki/config/triggers.go:41.16,43.3 1 0
github.com/boolean-maybe/tiki/config/triggers.go:44.2,44.18 1 0
github.com/boolean-maybe/tiki/config/triggers.go:50.68,52.16 2 15
github.com/boolean-maybe/tiki/config/triggers.go:52.16,53.25 1 3
github.com/boolean-maybe/tiki/config/triggers.go:53.25,55.4 1 1
github.com/boolean-maybe/tiki/config/triggers.go:56.3,56.25 1 2
github.com/boolean-maybe/tiki/config/triggers.go:60.2,61.51 2 12
github.com/boolean-maybe/tiki/config/triggers.go:61.51,63.3 1 1
github.com/boolean-maybe/tiki/config/triggers.go:64.2,64.53 1 11
github.com/boolean-maybe/tiki/config/triggers.go:64.53,66.3 1 2
github.com/boolean-maybe/tiki/config/triggers.go:68.2,69.50 2 9
github.com/boolean-maybe/tiki/config/triggers.go:69.50,71.3 1 1
github.com/boolean-maybe/tiki/config/triggers.go:73.2,73.31 1 8
